<?xml version="1.0" encoding="utf-8" standalone="yes"?>
<CoverageSession xmlns:xsd="http://www.w3.org/2001/XMLSchema" xmlns:xsi="http://www.w3.org/2001/XMLSchema-instance">
  <Summary numSequencePoints="273" visitedSequencePoints="130" numBranchPoints="163" visitedBranchPoints="32" sequenceCoverage="47.62" branchCoverage="19.63" maxCyclomaticComplexity="18" minCyclomaticComplexity="1" visitedClasses="24" numClasses="52" visitedMethods="31" numMethods="65" minCrapScore="1" maxCrapScore="342" />
  <Modules>
    <Module hash="C6-22-17-64-BC-9F-BC-44-8C-CD-DF-66-24-59-AD-79-2A-77-11-45">
      <Summary numSequencePoints="273" visitedSequencePoints="130" numBranchPoints="163" visitedBranchPoints="32" sequenceCoverage="47.62" branchCoverage="19.63" maxCyclomaticComplexity="18" minCyclomaticComplexity="1" visitedClasses="24" numClasses="52" visitedMethods="31" numMethods="65" minCrapScore="1" maxCrapScore="342" />
      <ModulePath>/Users/svmena/Documents/ImageProcessing/tests/ImageProcessing.Tests/bin/Debug/net7.0/ImageProcessing.dll</ModulePath>
      <ModuleTime>2023-09-08T17:19:18.5505408Z</ModuleTime>
      <ModuleName>ImageProcessing</ModuleName>
      <Files>
        <File uid="1" fullPath="/Users/svmena/Documents/ImageProcessing/src/ImageProcessing/CLI.fs" />
        <File uid="2" fullPath="/Users/svmena/Documents/ImageProcessing/src/ImageProcessing/ArguCommands.fs" />
        <File uid="3" fullPath="/Users/svmena/Documents/ImageProcessing/src/ImageProcessing/Process.fs" />
        <File uid="4" fullPath="/Users/svmena/Documents/ImageProcessing/src/ImageProcessing/Agents.fs" />
        <File uid="5" fullPath="/Users/svmena/Documents/ImageProcessing/src/ImageProcessing/Kernels.fs" />
        <File uid="6" fullPath="/Users/svmena/Documents/ImageProcessing/src/ImageProcessing/GPU.fs" />
        <File uid="7" fullPath="/Users/svmena/Documents/ImageProcessing/src/ImageProcessing/CPU.fs" />
        <File uid="8" fullPath="/Users/svmena/Documents/ImageProcessing/src/ImageProcessing/Helper.fs" />
        <File uid="9" fullPath="/Users/svmena/Documents/ImageProcessing/src/ImageProcessing/MyImage.fs" />
      </Files>
      <Classes>
        <Class>
          <Summary numSequencePoints="18" visitedSequencePoints="0" numBranchPoints="11" visitedBranchPoints="0" sequenceCoverage="0" branchCoverage="0" maxCyclomaticComplexity="6" minCyclomaticComplexity="1" visitedClasses="0" numClasses="1" visitedMethods="0" numMethods="1" minCrapScore="42" maxCrapScore="42" />
          <FullName>CLI</FullName>
          <Methods>
            <Method visited="false" cyclomaticComplexity="6" nPathComplexity="32" sequenceCoverage="0" branchCoverage="0" isConstructor="false" isStatic="true" isGetter="false" isSetter="false" crapScore="42">
              <Summary numSequencePoints="18" visitedSequencePoints="0" numBranchPoints="11" visitedBranchPoints="0" sequenceCoverage="0" branchCoverage="0" maxCyclomaticComplexity="6" minCyclomaticComplexity="6" visitedClasses="0" numClasses="0" visitedMethods="0" numMethods="1" minCrapScore="42" maxCrapScore="42" />
              <MetadataToken>100663297</MetadataToken>
              <Name>System.Int32 CLI::main(System.String[])</Name>
              <FileRef uid="1" />
              <SequencePoints>
                <SequencePoint vc="0" uspid="17" ordinal="0" offset="0" sl="9" sc="5" el="15" ec="10" bec="0" bev="0" fileid="1" />
                <SequencePoint vc="0" uspid="16" ordinal="1" offset="11" sl="17" sc="5" el="17" ec="82" bec="0" bev="0" fileid="1" />
                <SequencePoint vc="0" uspid="15" ordinal="2" offset="27" sl="19" sc="5" el="19" ec="44" bec="0" bev="0" fileid="1" />
                <SequencePoint vc="0" uspid="14" ordinal="3" offset="45" sl="22" sc="9" el="22" ec="32" bec="2" bev="0" fileid="1" />
                <SequencePoint vc="0" uspid="13" ordinal="4" offset="199" sl="23" sc="12" el="23" ec="36" bec="2" bev="0" fileid="1" />
                <SequencePoint vc="0" uspid="12" ordinal="5" offset="358" sl="24" sc="12" el="24" ec="39" bec="2" bev="0" fileid="1" />
                <SequencePoint vc="0" uspid="11" ordinal="6" offset="534" sl="25" sc="12" el="25" ec="40" bec="2" bev="0" fileid="1" />
                <SequencePoint vc="0" uspid="10" ordinal="7" offset="710" sl="26" sc="12" el="26" ec="41" bec="2" bev="0" fileid="1" />
                <SequencePoint vc="0" uspid="9" ordinal="8" offset="906" sl="29" sc="9" el="29" ec="49" bec="0" bev="0" fileid="1" />
                <SequencePoint vc="0" uspid="8" ordinal="9" offset="1059" sl="30" sc="9" el="30" ec="51" bec="0" bev="0" fileid="1" />
                <SequencePoint vc="0" uspid="7" ordinal="10" offset="1212" sl="31" sc="9" el="31" ec="56" bec="0" bev="0" fileid="1" />
                <SequencePoint vc="0" uspid="6" ordinal="11" offset="1399" sl="32" sc="9" el="32" ec="49" bec="0" bev="0" fileid="1" />
                <SequencePoint vc="0" uspid="5" ordinal="12" offset="1569" sl="33" sc="9" el="33" ec="57" bec="0" bev="0" fileid="1" />
                <SequencePoint vc="0" uspid="4" ordinal="13" offset="1739" sl="35" sc="9" el="35" ec="112" bec="0" bev="0" fileid="1" />
                <SequencePoint vc="0" uspid="3" ordinal="14" offset="1743" sl="35" sc="53" el="35" ec="57" bec="0" bev="0" fileid="1" />
                <SequencePoint vc="0" uspid="2" ordinal="15" offset="1747" sl="35" sc="61" el="35" ec="86" bec="0" bev="0" fileid="1" />
                <SequencePoint vc="0" uspid="1" ordinal="16" offset="1767" sl="37" sc="12" el="37" ec="66" bec="0" bev="0" fileid="1" />
                <SequencePoint vc="0" uspid="0" ordinal="17" offset="1813" sl="39" sc="5" el="39" ec="6" bec="0" bev="0" fileid="1" />
              </SequencePoints>
              <BranchPoints>
                <BranchPoint vc="0" uspid="0" ordinal="0" offset="194" sl="22" path="0" offsetend="199" fileid="1" />
                <BranchPoint vc="0" uspid="1" ordinal="1" offset="194" sl="22" path="1" offsetend="351" fileid="1" />
                <BranchPoint vc="0" uspid="2" ordinal="2" offset="353" sl="23" path="0" offsetend="358" fileid="1" />
                <BranchPoint vc="0" uspid="3" ordinal="3" offset="353" sl="23" path="1" offsetend="527" fileid="1" />
                <BranchPoint vc="0" uspid="4" ordinal="4" offset="529" sl="24" path="0" offsetend="534" fileid="1" />
                <BranchPoint vc="0" uspid="5" ordinal="5" offset="529" sl="24" path="1" offsetend="703" fileid="1" />
                <BranchPoint vc="0" uspid="6" ordinal="6" offset="705" sl="25" path="0" offsetend="710" fileid="1" />
                <BranchPoint vc="0" uspid="7" ordinal="7" offset="705" sl="25" path="1" offsetend="896" fileid="1" />
                <BranchPoint vc="0" uspid="8" ordinal="8" offset="898" sl="26" path="0" offsetend="903" fileid="1" />
                <BranchPoint vc="0" uspid="9" ordinal="9" offset="898" sl="26" path="1" offsetend="1767" fileid="1" />
              </BranchPoints>
              <MethodPoint xsi:type="SequencePoint" vc="0" uspid="17" ordinal="0" offset="0" sl="9" sc="5" el="15" ec="10" bec="0" bev="0" fileid="1" />
            </Method>
          </Methods>
        </Class>
        <Class>
          <Summary numSequencePoints="2" visitedSequencePoints="0" numBranchPoints="1" visitedBranchPoints="0" sequenceCoverage="0" branchCoverage="0" maxCyclomaticComplexity="3" minCyclomaticComplexity="1" visitedClasses="0" numClasses="1" visitedMethods="0" numMethods="1" minCrapScore="12" maxCrapScore="12" />
          <FullName>CLI/errorHandler@12</FullName>
          <Methods>
            <Method visited="false" cyclomaticComplexity="3" nPathComplexity="0" sequenceCoverage="0" branchCoverage="0" isConstructor="false" isStatic="false" isGetter="false" isSetter="false" crapScore="12">
              <Summary numSequencePoints="2" visitedSequencePoints="0" numBranchPoints="1" visitedBranchPoints="0" sequenceCoverage="0" branchCoverage="0" maxCyclomaticComplexity="3" minCyclomaticComplexity="3" visitedClasses="0" numClasses="0" visitedMethods="0" numMethods="1" minCrapScore="12" maxCrapScore="12" />
              <MetadataToken>100663299</MetadataToken>
              <Name>Microsoft.FSharp.Core.FSharpOption`1&lt;System.ConsoleColor&gt; CLI/errorHandler@12::Invoke(Argu.ErrorCode)</Name>
              <FileRef uid="1" />
              <SequencePoints>
                <SequencePoint vc="0" uspid="19" ordinal="0" offset="12" sl="13" sc="41" el="13" ec="45" bec="0" bev="0" fileid="1" />
                <SequencePoint vc="0" uspid="18" ordinal="1" offset="14" sl="14" sc="24" el="14" ec="59" bec="0" bev="0" fileid="1" />
              </SequencePoints>
              <BranchPoints />
              <MethodPoint xsi:type="SequencePoint" vc="0" uspid="19" ordinal="0" offset="12" sl="13" sc="41" el="13" ec="45" bec="0" bev="0" fileid="1" />
            </Method>
            <Method visited="false" cyclomaticComplexity="1" nPathComplexity="0" sequenceCoverage="0" branchCoverage="0" isConstructor="true" isStatic="true" isGetter="false" isSetter="false" crapScore="2">
              <Summary numSequencePoints="0" visitedSequencePoints="0" numBranchPoints="0" visitedBranchPoints="0" sequenceCoverage="0" branchCoverage="0" maxCyclomaticComplexity="1" minCyclomaticComplexity="1" visitedClasses="0" numClasses="0" visitedMethods="0" numMethods="0" minCrapScore="2" maxCrapScore="2" />
              <MetadataToken>100663300</MetadataToken>
              <Name>System.Void CLI/errorHandler@12::.cctor()</Name>
              <SequencePoints />
              <BranchPoints />
              <MethodPoint vc="0" uspid="100663300" ordinal="0" offset="0" />
            </Method>
          </Methods>
        </Class>
        <Class>
          <Summary numSequencePoints="6" visitedSequencePoints="0" numBranchPoints="6" visitedBranchPoints="0" sequenceCoverage="0" branchCoverage="0" maxCyclomaticComplexity="5" minCyclomaticComplexity="1" visitedClasses="0" numClasses="1" visitedMethods="0" numMethods="1" minCrapScore="30" maxCrapScore="30" />
          <FullName>ArguCommands</FullName>
          <Methods>
            <Method visited="false" cyclomaticComplexity="5" nPathComplexity="5" sequenceCoverage="0" branchCoverage="0" isConstructor="false" isStatic="true" isGetter="false" isSetter="false" crapScore="30">
              <Summary numSequencePoints="6" visitedSequencePoints="0" numBranchPoints="6" visitedBranchPoints="0" sequenceCoverage="0" branchCoverage="0" maxCyclomaticComplexity="5" minCyclomaticComplexity="5" visitedClasses="0" numClasses="0" visitedMethods="0" numMethods="1" minCrapScore="30" maxCrapScore="30" />
              <MetadataToken>100663301</MetadataToken>
              <Name>Process/ProcessingUnits ArguCommands::arguProcessingUnitsParser(ArguCommands/ArguProcessingUnits)</Name>
              <FileRef uid="2" />
              <SequencePoints>
                <SequencePoint vc="0" uspid="25" ordinal="0" offset="0" sl="13" sc="5" el="13" ec="20" bec="5" bev="0" fileid="2" />
                <SequencePoint vc="0" uspid="24" ordinal="1" offset="32" sl="14" sc="14" el="14" ec="25" bec="0" bev="0" fileid="2" />
                <SequencePoint vc="0" uspid="23" ordinal="2" offset="38" sl="15" sc="20" el="15" ec="61" bec="0" bev="0" fileid="2" />
                <SequencePoint vc="0" uspid="22" ordinal="3" offset="49" sl="16" sc="19" el="16" ec="59" bec="0" bev="0" fileid="2" />
                <SequencePoint vc="0" uspid="21" ordinal="4" offset="60" sl="17" sc="17" el="17" ec="55" bec="0" bev="0" fileid="2" />
                <SequencePoint vc="0" uspid="20" ordinal="5" offset="71" sl="18" sc="17" el="18" ec="55" bec="0" bev="0" fileid="2" />
              </SequencePoints>
              <BranchPoints>
                <BranchPoint vc="0" uspid="10" ordinal="0" offset="7" sl="13" path="0" offsetend="32" fileid="2" />
                <BranchPoint vc="0" uspid="11" ordinal="1" offset="7" sl="13" path="1" offsetend="38" fileid="2" />
                <BranchPoint vc="0" uspid="12" ordinal="2" offset="7" sl="13" path="2" offsetend="49" fileid="2" />
                <BranchPoint vc="0" uspid="13" ordinal="3" offset="7" sl="13" path="3" offsetend="60" fileid="2" />
                <BranchPoint vc="0" uspid="14" ordinal="4" offset="7" sl="13" path="4" offsetend="71" fileid="2" />
              </BranchPoints>
              <MethodPoint xsi:type="SequencePoint" vc="0" uspid="25" ordinal="0" offset="0" sl="13" sc="5" el="13" ec="20" bec="5" bev="0" fileid="2" />
            </Method>
          </Methods>
        </Class>
        <Class>
          <Summary numSequencePoints="6" visitedSequencePoints="0" numBranchPoints="6" visitedBranchPoints="0" sequenceCoverage="0" branchCoverage="0" maxCyclomaticComplexity="5" minCyclomaticComplexity="1" visitedClasses="0" numClasses="1" visitedMethods="0" numMethods="1" minCrapScore="30" maxCrapScore="30" />
          <FullName>ArguCommands/CLIArguments</FullName>
          <Methods>
            <Method visited="false" cyclomaticComplexity="5" nPathComplexity="5" sequenceCoverage="0" branchCoverage="0" isConstructor="false" isStatic="false" isGetter="false" isSetter="false" crapScore="30">
              <Summary numSequencePoints="6" visitedSequencePoints="0" numBranchPoints="6" visitedBranchPoints="0" sequenceCoverage="0" branchCoverage="0" maxCyclomaticComplexity="5" minCyclomaticComplexity="5" visitedClasses="0" numClasses="0" visitedMethods="0" numMethods="1" minCrapScore="30" maxCrapScore="30" />
              <MetadataToken>100663345</MetadataToken>
              <Name>System.String ArguCommands/CLIArguments::Argu.IArgParserTemplate.get_Usage()</Name>
              <FileRef uid="2" />
              <SequencePoints>
                <SequencePoint vc="0" uspid="31" ordinal="0" offset="2" sl="29" sc="13" el="29" ec="25" bec="5" bev="0" fileid="2" />
                <SequencePoint vc="0" uspid="30" ordinal="1" offset="42" sl="30" sc="30" el="30" ec="102" bec="0" bev="0" fileid="2" />
                <SequencePoint vc="0" uspid="29" ordinal="2" offset="55" sl="31" sc="31" el="31" ec="94" bec="0" bev="0" fileid="2" />
                <SequencePoint vc="0" uspid="28" ordinal="3" offset="69" sl="32" sc="34" el="32" ec="82" bec="0" bev="0" fileid="2" />
                <SequencePoint vc="0" uspid="27" ordinal="4" offset="83" sl="33" sc="35" el="33" ec="68" bec="0" bev="0" fileid="2" />
                <SequencePoint vc="0" uspid="26" ordinal="5" offset="97" sl="34" sc="36" el="34" ec="72" bec="0" bev="0" fileid="2" />
              </SequencePoints>
              <BranchPoints>
                <BranchPoint vc="0" uspid="15" ordinal="0" offset="10" sl="29" path="0" offsetend="35" fileid="2" />
                <BranchPoint vc="0" uspid="16" ordinal="1" offset="10" sl="29" path="1" offsetend="48" fileid="2" />
                <BranchPoint vc="0" uspid="17" ordinal="2" offset="10" sl="29" path="2" offsetend="61" fileid="2" />
                <BranchPoint vc="0" uspid="18" ordinal="3" offset="10" sl="29" path="3" offsetend="75" fileid="2" />
                <BranchPoint vc="0" uspid="19" ordinal="4" offset="10" sl="29" path="4" offsetend="89" fileid="2" />
              </BranchPoints>
              <MethodPoint xsi:type="SequencePoint" vc="0" uspid="31" ordinal="0" offset="2" sl="29" sc="13" el="29" ec="25" bec="5" bev="0" fileid="2" />
            </Method>
          </Methods>
        </Class>
        <Class>
          <Summary numSequencePoints="49" visitedSequencePoints="0" numBranchPoints="34" visitedBranchPoints="0" sequenceCoverage="0" branchCoverage="0" maxCyclomaticComplexity="18" minCyclomaticComplexity="1" visitedClasses="0" numClasses="1" visitedMethods="0" numMethods="3" minCrapScore="2" maxCrapScore="342" />
          <FullName>Process</FullName>
          <Methods>
            <Method visited="false" cyclomaticComplexity="9" nPathComplexity="9" sequenceCoverage="0" branchCoverage="0" isConstructor="false" isStatic="true" isGetter="false" isSetter="false" crapScore="90">
              <Summary numSequencePoints="10" visitedSequencePoints="0" numBranchPoints="10" visitedBranchPoints="0" sequenceCoverage="0" branchCoverage="0" maxCyclomaticComplexity="9" minCyclomaticComplexity="9" visitedClasses="0" numClasses="0" visitedMethods="0" numMethods="1" minCrapScore="90" maxCrapScore="90" />
              <MetadataToken>100663368</MetadataToken>
              <Name>Microsoft.FSharp.Core.FSharpFunc`2&lt;MyImage/MyImage,MyImage/MyImage&gt; Process::transformationsParserCPU(Process/Transformations)</Name>
              <FileRef uid="3" />
              <SequencePoints>
                <SequencePoint vc="0" uspid="41" ordinal="0" offset="0" sl="30" sc="5" el="30" ec="30" bec="9" bev="0" fileid="3" />
                <SequencePoint vc="0" uspid="40" ordinal="1" offset="48" sl="31" sc="16" el="31" ec="50" bec="0" bev="0" fileid="3" />
                <SequencePoint vc="0" uspid="39" ordinal="2" offset="61" sl="32" sc="18" el="32" ec="47" bec="0" bev="0" fileid="3" />
                <SequencePoint vc="0" uspid="38" ordinal="3" offset="74" sl="33" sc="18" el="33" ec="47" bec="0" bev="0" fileid="3" />
                <SequencePoint vc="0" uspid="37" ordinal="4" offset="87" sl="34" sc="17" el="34" ec="45" bec="0" bev="0" fileid="3" />
                <SequencePoint vc="0" uspid="36" ordinal="5" offset="100" sl="35" sc="16" el="35" ec="43" bec="0" bev="0" fileid="3" />
                <SequencePoint vc="0" uspid="35" ordinal="6" offset="115" sl="36" sc="20" el="36" ec="35" bec="0" bev="0" fileid="3" />
                <SequencePoint vc="0" uspid="34" ordinal="7" offset="126" sl="37" sc="20" el="37" ec="36" bec="0" bev="0" fileid="3" />
                <SequencePoint vc="0" uspid="33" ordinal="8" offset="137" sl="38" sc="16" el="38" ec="31" bec="0" bev="0" fileid="3" />
                <SequencePoint vc="0" uspid="32" ordinal="9" offset="148" sl="39" sc="16" el="39" ec="30" bec="0" bev="0" fileid="3" />
              </SequencePoints>
              <BranchPoints>
                <BranchPoint vc="0" uspid="20" ordinal="0" offset="7" sl="30" path="0" offsetend="48" fileid="3" />
                <BranchPoint vc="0" uspid="21" ordinal="1" offset="7" sl="30" path="1" offsetend="61" fileid="3" />
                <BranchPoint vc="0" uspid="22" ordinal="2" offset="7" sl="30" path="2" offsetend="74" fileid="3" />
                <BranchPoint vc="0" uspid="23" ordinal="3" offset="7" sl="30" path="3" offsetend="87" fileid="3" />
                <BranchPoint vc="0" uspid="24" ordinal="4" offset="7" sl="30" path="4" offsetend="100" fileid="3" />
                <BranchPoint vc="0" uspid="25" ordinal="5" offset="7" sl="30" path="5" offsetend="115" fileid="3" />
                <BranchPoint vc="0" uspid="26" ordinal="6" offset="7" sl="30" path="6" offsetend="126" fileid="3" />
                <BranchPoint vc="0" uspid="27" ordinal="7" offset="7" sl="30" path="7" offsetend="137" fileid="3" />
                <BranchPoint vc="0" uspid="28" ordinal="8" offset="7" sl="30" path="8" offsetend="148" fileid="3" />
              </BranchPoints>
              <MethodPoint xsi:type="SequencePoint" vc="0" uspid="41" ordinal="0" offset="0" sl="30" sc="5" el="30" ec="30" bec="9" bev="0" fileid="3" />
            </Method>
            <Method visited="false" cyclomaticComplexity="1" nPathComplexity="0" sequenceCoverage="0" branchCoverage="0" isConstructor="false" isStatic="true" isGetter="false" isSetter="false" crapScore="2">
              <Summary numSequencePoints="3" visitedSequencePoints="0" numBranchPoints="1" visitedBranchPoints="0" sequenceCoverage="0" branchCoverage="0" maxCyclomaticComplexity="1" minCyclomaticComplexity="1" visitedClasses="0" numClasses="0" visitedMethods="0" numMethods="1" minCrapScore="2" maxCrapScore="2" />
              <MetadataToken>100663369</MetadataToken>
              <Name>Microsoft.FSharp.Core.FSharpFunc`2&lt;Process/Transformations,Microsoft.FSharp.Core.FSharpFunc`2&lt;MyImage/MyImage,MyImage/MyImage&gt;&gt; Process::transformationsParserGPU(Brahma.FSharp.ClContext,System.Int32)</Name>
              <FileRef uid="3" />
              <SequencePoints>
                <SequencePoint vc="0" uspid="44" ordinal="0" offset="0" sl="43" sc="5" el="43" ec="68" bec="0" bev="0" fileid="3" />
                <SequencePoint vc="0" uspid="43" ordinal="1" offset="8" sl="44" sc="5" el="44" ec="54" bec="0" bev="0" fileid="3" />
                <SequencePoint vc="0" uspid="42" ordinal="2" offset="16" sl="45" sc="5" el="45" ec="58" bec="0" bev="0" fileid="3" />
              </SequencePoints>
              <BranchPoints />
              <MethodPoint xsi:type="SequencePoint" vc="0" uspid="44" ordinal="0" offset="0" sl="43" sc="5" el="43" ec="68" bec="0" bev="0" fileid="3" />
            </Method>
            <Method visited="false" cyclomaticComplexity="18" nPathComplexity="2048" sequenceCoverage="0" branchCoverage="0" isConstructor="false" isStatic="true" isGetter="false" isSetter="false" crapScore="342">
              <Summary numSequencePoints="36" visitedSequencePoints="0" numBranchPoints="23" visitedBranchPoints="0" sequenceCoverage="0" branchCoverage="0" maxCyclomaticComplexity="18" minCyclomaticComplexity="18" visitedClasses="0" numClasses="0" visitedMethods="0" numMethods="1" minCrapScore="342" maxCrapScore="342" />
              <MetadataToken>100663370</MetadataToken>
              <Name>System.Void Process::processImages(System.String,System.String,Process/ProcessingUnits,Microsoft.FSharp.Collections.FSharpList`1&lt;Process/Transformations&gt;,Process/AgentsSupport)</Name>
              <FileRef uid="3" />
              <SequencePoints>
                <SequencePoint vc="0" uspid="80" ordinal="0" offset="6" sl="74" sc="9" el="74" ec="48" bec="2" bev="0" fileid="3" />
                <SequencePoint vc="0" uspid="79" ordinal="1" offset="15" sl="75" sc="13" el="75" ec="26" bec="0" bev="0" fileid="3" />
                <SequencePoint vc="0" uspid="78" ordinal="2" offset="29" sl="77" sc="13" el="77" ec="36" bec="0" bev="0" fileid="3" />
                <SequencePoint vc="0" uspid="77" ordinal="3" offset="38" sl="80" sc="9" el="80" ec="34" bec="2" bev="0" fileid="3" />
                <SequencePoint vc="0" uspid="76" ordinal="4" offset="50" sl="81" sc="18" el="81" ec="68" bec="0" bev="0" fileid="3" />
                <SequencePoint vc="0" uspid="75" ordinal="5" offset="84" sl="83" sc="13" el="83" ec="74" bec="0" bev="0" fileid="3" />
                <SequencePoint vc="0" uspid="74" ordinal="6" offset="85" sl="83" sc="16" el="83" ec="54" bec="0" bev="0" fileid="3" />
                <SequencePoint vc="0" uspid="73" ordinal="7" offset="100" sl="83" sc="58" el="83" ec="69" bec="2" bev="0" fileid="3" />
                <SequencePoint vc="0" uspid="72" ordinal="8" offset="109" sl="84" sc="17" el="84" ec="63" bec="0" bev="0" fileid="3" />
                <SequencePoint vc="0" uspid="71" ordinal="9" offset="177" sl="86" sc="17" el="86" ec="94" bec="0" bev="0" fileid="3" />
                <SequencePoint vc="0" uspid="70" ordinal="10" offset="178" sl="86" sc="43" el="86" ec="81" bec="0" bev="0" fileid="3" />
                <SequencePoint vc="0" uspid="69" ordinal="11" offset="193" sl="86" sc="85" el="86" ec="93" bec="0" bev="0" fileid="3" />
                <SequencePoint vc="0" uspid="68" ordinal="12" offset="209" sl="87" sc="17" el="87" ec="76" bec="0" bev="0" fileid="3" />
                <SequencePoint vc="0" uspid="67" ordinal="13" offset="220" sl="88" sc="17" el="88" ec="58" bec="0" bev="0" fileid="3" />
                <SequencePoint vc="0" uspid="66" ordinal="14" offset="230" sl="90" sc="5" el="90" ec="29" bec="4" bev="0" fileid="3" />
                <SequencePoint vc="0" uspid="65" ordinal="15" offset="259" sl="92" sc="9" el="92" ec="60" bec="0" bev="0" fileid="3" />
                <SequencePoint vc="0" uspid="64" ordinal="16" offset="272" sl="94" sc="9" el="95" ec="110" bec="0" bev="0" fileid="3" />
                <SequencePoint vc="0" uspid="63" ordinal="17" offset="418" sl="97" sc="9" el="97" ec="12" bec="0" bev="0" fileid="3" />
                <SequencePoint vc="0" uspid="62" ordinal="18" offset="444" sl="98" sc="13" el="99" ec="33" bec="0" bev="0" fileid="3" />
                <SequencePoint vc="0" uspid="61" ordinal="19" offset="501" sl="98" sc="69" el="98" ec="89" bec="0" bev="0" fileid="3" />
                <SequencePoint vc="0" uspid="60" ordinal="20" offset="530" sl="98" sc="69" el="98" ec="89" bec="2" bev="0" fileid="3" />
                <SequencePoint vc="0" uspid="59" ordinal="21" offset="599" sl="97" sc="18" el="97" ec="20" bec="2" bev="0" fileid="3" />
                <SequencePoint vc="0" uspid="58" ordinal="22" offset="606" sl="101" sc="9" el="101" ec="12" bec="0" bev="0" fileid="3" />
                <SequencePoint vc="0" uspid="57" ordinal="23" offset="626" sl="102" sc="13" el="102" ec="42" bec="0" bev="0" fileid="3" />
                <SequencePoint vc="0" uspid="56" ordinal="24" offset="646" sl="101" sc="26" el="101" ec="28" bec="2" bev="0" fileid="3" />
                <SequencePoint vc="0" uspid="55" ordinal="25" offset="655" sl="104" sc="9" el="105" ec="82" bec="0" bev="0" fileid="3" />
                <SequencePoint vc="0" uspid="54" ordinal="26" offset="674" sl="107" sc="9" el="107" ec="12" bec="0" bev="0" fileid="3" />
                <SequencePoint vc="0" uspid="53" ordinal="27" offset="697" sl="108" sc="13" el="108" ec="50" bec="0" bev="0" fileid="3" />
                <SequencePoint vc="0" uspid="52" ordinal="28" offset="730" sl="107" sc="18" el="107" ec="20" bec="2" bev="0" fileid="3" />
                <SequencePoint vc="0" uspid="51" ordinal="29" offset="734" sl="110" sc="9" el="110" ec="53" bec="0" bev="0" fileid="3" />
                <SequencePoint vc="0" uspid="50" ordinal="30" offset="749" sl="112" sc="9" el="113" ec="87" bec="0" bev="0" fileid="3" />
                <SequencePoint vc="0" uspid="49" ordinal="31" offset="773" sl="115" sc="9" el="115" ec="12" bec="0" bev="0" fileid="3" />
                <SequencePoint vc="0" uspid="48" ordinal="32" offset="796" sl="116" sc="13" el="116" ec="50" bec="0" bev="0" fileid="3" />
                <SequencePoint vc="0" uspid="47" ordinal="33" offset="829" sl="115" sc="18" el="115" ec="20" bec="2" bev="0" fileid="3" />
                <SequencePoint vc="0" uspid="46" ordinal="34" offset="833" sl="118" sc="9" el="118" ec="53" bec="0" bev="0" fileid="3" />
                <SequencePoint vc="0" uspid="45" ordinal="35" offset="857" sl="125" sc="9" el="125" ec="53" bec="2" bev="0" fileid="3" />
              </SequencePoints>
              <BranchPoints>
                <BranchPoint vc="0" uspid="29" ordinal="0" offset="13" sl="74" path="0" offsetend="15" fileid="3" />
                <BranchPoint vc="0" uspid="30" ordinal="1" offset="13" sl="74" path="1" offsetend="29" fileid="3" />
                <BranchPoint vc="0" uspid="31" ordinal="2" offset="46" sl="80" path="0" offsetchain="48" offsetend="67" fileid="3" />
                <BranchPoint vc="0" uspid="32" ordinal="3" offset="46" sl="80" path="1" offsetend="50" fileid="3" />
                <BranchPoint vc="0" uspid="33" ordinal="4" offset="107" sl="83" path="0" offsetend="109" fileid="3" />
                <BranchPoint vc="0" uspid="34" ordinal="5" offset="107" sl="83" path="1" offsetend="177" fileid="3" />
                <BranchPoint vc="0" uspid="35" ordinal="6" offset="238" sl="90" path="0" offsetend="259" fileid="3" />
                <BranchPoint vc="0" uspid="36" ordinal="7" offset="238" sl="90" path="1" offsetend="655" fileid="3" />
                <BranchPoint vc="0" uspid="37" ordinal="8" offset="238" sl="90" path="2" offsetend="749" fileid="3" />
                <BranchPoint vc="0" uspid="38" ordinal="9" offset="238" sl="90" path="3" offsetend="848" fileid="3" />
                <BranchPoint vc="0" uspid="39" ordinal="10" offset="569" sl="98" path="0" offsetend="571" fileid="3" />
                <BranchPoint vc="0" uspid="40" ordinal="11" offset="569" sl="98" path="1" offsetend="515" fileid="3" />
                <BranchPoint vc="0" uspid="41" ordinal="12" offset="601" sl="97" path="0" offsetend="606" fileid="3" />
                <BranchPoint vc="0" uspid="42" ordinal="13" offset="601" sl="97" path="1" offsetend="435" fileid="3" />
                <BranchPoint vc="0" uspid="43" ordinal="14" offset="652" sl="101" path="0" offsetend="654" fileid="3" />
                <BranchPoint vc="0" uspid="44" ordinal="15" offset="652" sl="101" path="1" offsetend="615" fileid="3" />
                <BranchPoint vc="0" uspid="45" ordinal="16" offset="732" sl="107" path="0" offsetend="734" fileid="3" />
                <BranchPoint vc="0" uspid="46" ordinal="17" offset="732" sl="107" path="1" offsetend="688" fileid="3" />
                <BranchPoint vc="0" uspid="47" ordinal="18" offset="831" sl="115" path="0" offsetend="833" fileid="3" />
                <BranchPoint vc="0" uspid="48" ordinal="19" offset="831" sl="115" path="1" offsetend="787" fileid="3" />
                <BranchPoint vc="0" uspid="49" ordinal="20" offset="913" sl="125" path="0" offsetend="915" fileid="3" />
                <BranchPoint vc="0" uspid="50" ordinal="21" offset="913" sl="125" path="1" offsetend="879" fileid="3" />
              </BranchPoints>
              <MethodPoint xsi:type="SequencePoint" vc="0" uspid="80" ordinal="0" offset="6" sl="74" sc="9" el="74" ec="48" bec="2" bev="0" fileid="3" />
            </Method>
          </Methods>
        </Class>
        <Class>
          <Summary numSequencePoints="0" visitedSequencePoints="0" numBranchPoints="0" visitedBranchPoints="0" sequenceCoverage="0" branchCoverage="0" maxCyclomaticComplexity="0" minCyclomaticComplexity="0" visitedClasses="0" numClasses="0" visitedMethods="0" numMethods="0" minCrapScore="0" maxCrapScore="0" />
          <FullName>Process/transformationsParserCPU@31</FullName>
          <Methods>
            <Method visited="false" cyclomaticComplexity="1" nPathComplexity="0" sequenceCoverage="0" branchCoverage="0" isConstructor="false" isStatic="false" isGetter="false" isSetter="false" crapScore="2">
              <Summary numSequencePoints="0" visitedSequencePoints="0" numBranchPoints="0" visitedBranchPoints="0" sequenceCoverage="0" branchCoverage="0" maxCyclomaticComplexity="1" minCyclomaticComplexity="1" visitedClasses="0" numClasses="0" visitedMethods="0" numMethods="0" minCrapScore="2" maxCrapScore="2" />
              <MetadataToken>100663447</MetadataToken>
              <Name>MyImage/MyImage Process/transformationsParserCPU@31::Invoke(MyImage/MyImage)</Name>
              <SequencePoints />
              <BranchPoints />
              <MethodPoint vc="0" uspid="100663447" ordinal="0" offset="0" />
            </Method>
          </Methods>
        </Class>
        <Class>
          <Summary numSequencePoints="0" visitedSequencePoints="0" numBranchPoints="0" visitedBranchPoints="0" sequenceCoverage="0" branchCoverage="0" maxCyclomaticComplexity="0" minCyclomaticComplexity="0" visitedClasses="0" numClasses="0" visitedMethods="0" numMethods="0" minCrapScore="0" maxCrapScore="0" />
          <FullName>Process/transformationsParserCPU@32-1</FullName>
          <Methods>
            <Method visited="false" cyclomaticComplexity="1" nPathComplexity="0" sequenceCoverage="0" branchCoverage="0" isConstructor="false" isStatic="false" isGetter="false" isSetter="false" crapScore="2">
              <Summary numSequencePoints="0" visitedSequencePoints="0" numBranchPoints="0" visitedBranchPoints="0" sequenceCoverage="0" branchCoverage="0" maxCyclomaticComplexity="1" minCyclomaticComplexity="1" visitedClasses="0" numClasses="0" visitedMethods="0" numMethods="0" minCrapScore="2" maxCrapScore="2" />
              <MetadataToken>100663449</MetadataToken>
              <Name>MyImage/MyImage Process/transformationsParserCPU@32-1::Invoke(MyImage/MyImage)</Name>
              <SequencePoints />
              <BranchPoints />
              <MethodPoint vc="0" uspid="100663449" ordinal="0" offset="0" />
            </Method>
          </Methods>
        </Class>
        <Class>
          <Summary numSequencePoints="0" visitedSequencePoints="0" numBranchPoints="0" visitedBranchPoints="0" sequenceCoverage="0" branchCoverage="0" maxCyclomaticComplexity="0" minCyclomaticComplexity="0" visitedClasses="0" numClasses="0" visitedMethods="0" numMethods="0" minCrapScore="0" maxCrapScore="0" />
          <FullName>Process/transformationsParserCPU@33-2</FullName>
          <Methods>
            <Method visited="false" cyclomaticComplexity="1" nPathComplexity="0" sequenceCoverage="0" branchCoverage="0" isConstructor="false" isStatic="false" isGetter="false" isSetter="false" crapScore="2">
              <Summary numSequencePoints="0" visitedSequencePoints="0" numBranchPoints="0" visitedBranchPoints="0" sequenceCoverage="0" branchCoverage="0" maxCyclomaticComplexity="1" minCyclomaticComplexity="1" visitedClasses="0" numClasses="0" visitedMethods="0" numMethods="0" minCrapScore="2" maxCrapScore="2" />
              <MetadataToken>100663451</MetadataToken>
              <Name>MyImage/MyImage Process/transformationsParserCPU@33-2::Invoke(MyImage/MyImage)</Name>
              <SequencePoints />
              <BranchPoints />
              <MethodPoint vc="0" uspid="100663451" ordinal="0" offset="0" />
            </Method>
          </Methods>
        </Class>
        <Class>
          <Summary numSequencePoints="0" visitedSequencePoints="0" numBranchPoints="0" visitedBranchPoints="0" sequenceCoverage="0" branchCoverage="0" maxCyclomaticComplexity="0" minCyclomaticComplexity="0" visitedClasses="0" numClasses="0" visitedMethods="0" numMethods="0" minCrapScore="0" maxCrapScore="0" />
          <FullName>Process/transformationsParserCPU@34-3</FullName>
          <Methods>
            <Method visited="false" cyclomaticComplexity="1" nPathComplexity="0" sequenceCoverage="0" branchCoverage="0" isConstructor="false" isStatic="false" isGetter="false" isSetter="false" crapScore="2">
              <Summary numSequencePoints="0" visitedSequencePoints="0" numBranchPoints="0" visitedBranchPoints="0" sequenceCoverage="0" branchCoverage="0" maxCyclomaticComplexity="1" minCyclomaticComplexity="1" visitedClasses="0" numClasses="0" visitedMethods="0" numMethods="0" minCrapScore="2" maxCrapScore="2" />
              <MetadataToken>100663453</MetadataToken>
              <Name>MyImage/MyImage Process/transformationsParserCPU@34-3::Invoke(MyImage/MyImage)</Name>
              <SequencePoints />
              <BranchPoints />
              <MethodPoint vc="0" uspid="100663453" ordinal="0" offset="0" />
            </Method>
          </Methods>
        </Class>
        <Class>
          <Summary numSequencePoints="0" visitedSequencePoints="0" numBranchPoints="0" visitedBranchPoints="0" sequenceCoverage="0" branchCoverage="0" maxCyclomaticComplexity="0" minCyclomaticComplexity="0" visitedClasses="0" numClasses="0" visitedMethods="0" numMethods="0" minCrapScore="0" maxCrapScore="0" />
          <FullName>Process/transformationsParserCPU@35-4</FullName>
          <Methods>
            <Method visited="false" cyclomaticComplexity="1" nPathComplexity="0" sequenceCoverage="0" branchCoverage="0" isConstructor="false" isStatic="false" isGetter="false" isSetter="false" crapScore="2">
              <Summary numSequencePoints="0" visitedSequencePoints="0" numBranchPoints="0" visitedBranchPoints="0" sequenceCoverage="0" branchCoverage="0" maxCyclomaticComplexity="1" minCyclomaticComplexity="1" visitedClasses="0" numClasses="0" visitedMethods="0" numMethods="0" minCrapScore="2" maxCrapScore="2" />
              <MetadataToken>100663455</MetadataToken>
              <Name>MyImage/MyImage Process/transformationsParserCPU@35-4::Invoke(MyImage/MyImage)</Name>
              <SequencePoints />
              <BranchPoints />
              <MethodPoint vc="0" uspid="100663455" ordinal="0" offset="0" />
            </Method>
          </Methods>
        </Class>
        <Class>
          <Summary numSequencePoints="0" visitedSequencePoints="0" numBranchPoints="0" visitedBranchPoints="0" sequenceCoverage="0" branchCoverage="0" maxCyclomaticComplexity="0" minCyclomaticComplexity="0" visitedClasses="0" numClasses="0" visitedMethods="0" numMethods="0" minCrapScore="0" maxCrapScore="0" />
          <FullName>Process/transformationsParserCPU@36-5</FullName>
          <Methods>
            <Method visited="false" cyclomaticComplexity="1" nPathComplexity="0" sequenceCoverage="0" branchCoverage="0" isConstructor="false" isStatic="false" isGetter="false" isSetter="false" crapScore="2">
              <Summary numSequencePoints="0" visitedSequencePoints="0" numBranchPoints="0" visitedBranchPoints="0" sequenceCoverage="0" branchCoverage="0" maxCyclomaticComplexity="1" minCyclomaticComplexity="1" visitedClasses="0" numClasses="0" visitedMethods="0" numMethods="0" minCrapScore="2" maxCrapScore="2" />
              <MetadataToken>100663457</MetadataToken>
              <Name>MyImage/MyImage Process/transformationsParserCPU@36-5::Invoke(MyImage/MyImage)</Name>
              <SequencePoints />
              <BranchPoints />
              <MethodPoint vc="0" uspid="100663457" ordinal="0" offset="0" />
            </Method>
          </Methods>
        </Class>
        <Class>
          <Summary numSequencePoints="0" visitedSequencePoints="0" numBranchPoints="0" visitedBranchPoints="0" sequenceCoverage="0" branchCoverage="0" maxCyclomaticComplexity="0" minCyclomaticComplexity="0" visitedClasses="0" numClasses="0" visitedMethods="0" numMethods="0" minCrapScore="0" maxCrapScore="0" />
          <FullName>Process/transformationsParserCPU@37-6</FullName>
          <Methods>
            <Method visited="false" cyclomaticComplexity="1" nPathComplexity="0" sequenceCoverage="0" branchCoverage="0" isConstructor="false" isStatic="false" isGetter="false" isSetter="false" crapScore="2">
              <Summary numSequencePoints="0" visitedSequencePoints="0" numBranchPoints="0" visitedBranchPoints="0" sequenceCoverage="0" branchCoverage="0" maxCyclomaticComplexity="1" minCyclomaticComplexity="1" visitedClasses="0" numClasses="0" visitedMethods="0" numMethods="0" minCrapScore="2" maxCrapScore="2" />
              <MetadataToken>100663459</MetadataToken>
              <Name>MyImage/MyImage Process/transformationsParserCPU@37-6::Invoke(MyImage/MyImage)</Name>
              <SequencePoints />
              <BranchPoints />
              <MethodPoint vc="0" uspid="100663459" ordinal="0" offset="0" />
            </Method>
          </Methods>
        </Class>
        <Class>
          <Summary numSequencePoints="0" visitedSequencePoints="0" numBranchPoints="0" visitedBranchPoints="0" sequenceCoverage="0" branchCoverage="0" maxCyclomaticComplexity="0" minCyclomaticComplexity="0" visitedClasses="0" numClasses="0" visitedMethods="0" numMethods="0" minCrapScore="0" maxCrapScore="0" />
          <FullName>Process/transformationsParserCPU@38-7</FullName>
          <Methods>
            <Method visited="false" cyclomaticComplexity="1" nPathComplexity="0" sequenceCoverage="0" branchCoverage="0" isConstructor="false" isStatic="false" isGetter="false" isSetter="false" crapScore="2">
              <Summary numSequencePoints="0" visitedSequencePoints="0" numBranchPoints="0" visitedBranchPoints="0" sequenceCoverage="0" branchCoverage="0" maxCyclomaticComplexity="1" minCyclomaticComplexity="1" visitedClasses="0" numClasses="0" visitedMethods="0" numMethods="0" minCrapScore="2" maxCrapScore="2" />
              <MetadataToken>100663461</MetadataToken>
              <Name>MyImage/MyImage Process/transformationsParserCPU@38-7::Invoke(MyImage/MyImage)</Name>
              <SequencePoints />
              <BranchPoints />
              <MethodPoint vc="0" uspid="100663461" ordinal="0" offset="0" />
            </Method>
          </Methods>
        </Class>
        <Class>
          <Summary numSequencePoints="0" visitedSequencePoints="0" numBranchPoints="0" visitedBranchPoints="0" sequenceCoverage="0" branchCoverage="0" maxCyclomaticComplexity="0" minCyclomaticComplexity="0" visitedClasses="0" numClasses="0" visitedMethods="0" numMethods="0" minCrapScore="0" maxCrapScore="0" />
          <FullName>Process/transformationsParserCPU@39-8</FullName>
          <Methods>
            <Method visited="false" cyclomaticComplexity="1" nPathComplexity="0" sequenceCoverage="0" branchCoverage="0" isConstructor="false" isStatic="false" isGetter="false" isSetter="false" crapScore="2">
              <Summary numSequencePoints="0" visitedSequencePoints="0" numBranchPoints="0" visitedBranchPoints="0" sequenceCoverage="0" branchCoverage="0" maxCyclomaticComplexity="1" minCyclomaticComplexity="1" visitedClasses="0" numClasses="0" visitedMethods="0" numMethods="0" minCrapScore="2" maxCrapScore="2" />
              <MetadataToken>100663463</MetadataToken>
              <Name>MyImage/MyImage Process/transformationsParserCPU@39-8::Invoke(MyImage/MyImage)</Name>
              <SequencePoints />
              <BranchPoints />
              <MethodPoint vc="0" uspid="100663463" ordinal="0" offset="0" />
            </Method>
          </Methods>
        </Class>
        <Class>
          <Summary numSequencePoints="10" visitedSequencePoints="0" numBranchPoints="10" visitedBranchPoints="0" sequenceCoverage="0" branchCoverage="0" maxCyclomaticComplexity="9" minCyclomaticComplexity="1" visitedClasses="0" numClasses="1" visitedMethods="0" numMethods="1" minCrapScore="90" maxCrapScore="90" />
          <FullName>Process/transformationsParserGPU@47</FullName>
          <Methods>
            <Method visited="false" cyclomaticComplexity="9" nPathComplexity="9" sequenceCoverage="0" branchCoverage="0" isConstructor="false" isStatic="false" isGetter="false" isSetter="false" crapScore="90">
              <Summary numSequencePoints="10" visitedSequencePoints="0" numBranchPoints="10" visitedBranchPoints="0" sequenceCoverage="0" branchCoverage="0" maxCyclomaticComplexity="9" minCyclomaticComplexity="9" visitedClasses="0" numClasses="0" visitedMethods="0" numMethods="1" minCrapScore="90" maxCrapScore="90" />
              <MetadataToken>100663465</MetadataToken>
              <Name>Microsoft.FSharp.Core.FSharpFunc`2&lt;MyImage/MyImage,MyImage/MyImage&gt; Process/transformationsParserGPU@47::Invoke(Process/Transformations)</Name>
              <FileRef uid="3" />
              <SequencePoints>
                <SequencePoint vc="0" uspid="90" ordinal="0" offset="0" sl="48" sc="9" el="48" ec="34" bec="9" bev="0" fileid="3" />
                <SequencePoint vc="0" uspid="89" ordinal="1" offset="48" sl="49" sc="20" el="49" ec="56" bec="0" bev="0" fileid="3" />
                <SequencePoint vc="0" uspid="88" ordinal="2" offset="65" sl="50" sc="22" el="50" ec="53" bec="0" bev="0" fileid="3" />
                <SequencePoint vc="0" uspid="87" ordinal="3" offset="82" sl="51" sc="22" el="51" ec="53" bec="0" bev="0" fileid="3" />
                <SequencePoint vc="0" uspid="86" ordinal="4" offset="99" sl="52" sc="21" el="52" ec="51" bec="0" bev="0" fileid="3" />
                <SequencePoint vc="0" uspid="85" ordinal="5" offset="116" sl="53" sc="20" el="53" ec="49" bec="0" bev="0" fileid="3" />
                <SequencePoint vc="0" uspid="84" ordinal="6" offset="133" sl="54" sc="24" el="54" ec="41" bec="0" bev="0" fileid="3" />
                <SequencePoint vc="0" uspid="83" ordinal="7" offset="146" sl="55" sc="24" el="55" ec="42" bec="0" bev="0" fileid="3" />
                <SequencePoint vc="0" uspid="82" ordinal="8" offset="159" sl="56" sc="20" el="56" ec="35" bec="0" bev="0" fileid="3" />
                <SequencePoint vc="0" uspid="81" ordinal="9" offset="172" sl="57" sc="20" el="57" ec="36" bec="0" bev="0" fileid="3" />
              </SequencePoints>
              <BranchPoints>
                <BranchPoint vc="0" uspid="51" ordinal="0" offset="7" sl="48" path="0" offsetend="48" fileid="3" />
                <BranchPoint vc="0" uspid="52" ordinal="1" offset="7" sl="48" path="1" offsetend="65" fileid="3" />
                <BranchPoint vc="0" uspid="53" ordinal="2" offset="7" sl="48" path="2" offsetend="82" fileid="3" />
                <BranchPoint vc="0" uspid="54" ordinal="3" offset="7" sl="48" path="3" offsetend="99" fileid="3" />
                <BranchPoint vc="0" uspid="55" ordinal="4" offset="7" sl="48" path="4" offsetend="116" fileid="3" />
                <BranchPoint vc="0" uspid="56" ordinal="5" offset="7" sl="48" path="5" offsetend="133" fileid="3" />
                <BranchPoint vc="0" uspid="57" ordinal="6" offset="7" sl="48" path="6" offsetend="146" fileid="3" />
                <BranchPoint vc="0" uspid="58" ordinal="7" offset="7" sl="48" path="7" offsetend="159" fileid="3" />
                <BranchPoint vc="0" uspid="59" ordinal="8" offset="7" sl="48" path="8" offsetend="172" fileid="3" />
              </BranchPoints>
              <MethodPoint xsi:type="SequencePoint" vc="0" uspid="90" ordinal="0" offset="0" sl="48" sc="9" el="48" ec="34" bec="9" bev="0" fileid="3" />
            </Method>
          </Methods>
        </Class>
        <Class>
          <Summary numSequencePoints="1" visitedSequencePoints="0" numBranchPoints="1" visitedBranchPoints="0" sequenceCoverage="0" branchCoverage="0" maxCyclomaticComplexity="4" minCyclomaticComplexity="1" visitedClasses="0" numClasses="1" visitedMethods="0" numMethods="1" minCrapScore="20" maxCrapScore="20" />
          <FullName>Process/allowableFilesSeq@69</FullName>
          <Methods>
            <Method visited="false" cyclomaticComplexity="4" nPathComplexity="0" sequenceCoverage="0" branchCoverage="0" isConstructor="false" isStatic="false" isGetter="false" isSetter="false" crapScore="20">
              <Summary numSequencePoints="1" visitedSequencePoints="0" numBranchPoints="1" visitedBranchPoints="0" sequenceCoverage="0" branchCoverage="0" maxCyclomaticComplexity="4" minCyclomaticComplexity="4" visitedClasses="0" numClasses="0" visitedMethods="0" numMethods="1" minCrapScore="20" maxCrapScore="20" />
              <MetadataToken>100663467</MetadataToken>
              <Name>System.Boolean Process/allowableFilesSeq@69::Invoke(System.String)</Name>
              <FileRef uid="3" />
              <SequencePoints>
                <SequencePoint vc="0" uspid="91" ordinal="0" offset="0" sl="69" sc="47" el="69" ec="116" bec="0" bev="0" fileid="3" />
              </SequencePoints>
              <BranchPoints />
              <MethodPoint xsi:type="SequencePoint" vc="0" uspid="91" ordinal="0" offset="0" sl="69" sc="47" el="69" ec="116" bec="0" bev="0" fileid="3" />
            </Method>
          </Methods>
        </Class>
        <Class>
          <Summary numSequencePoints="4" visitedSequencePoints="0" numBranchPoints="1" visitedBranchPoints="0" sequenceCoverage="0" branchCoverage="0" maxCyclomaticComplexity="1" minCyclomaticComplexity="1" visitedClasses="0" numClasses="1" visitedMethods="0" numMethods="1" minCrapScore="2" maxCrapScore="2" />
          <FullName>Process/listAllImages@63</FullName>
          <Methods>
            <Method visited="false" cyclomaticComplexity="1" nPathComplexity="0" sequenceCoverage="0" branchCoverage="0" isConstructor="false" isStatic="false" isGetter="false" isSetter="false" crapScore="2">
              <Summary numSequencePoints="4" visitedSequencePoints="0" numBranchPoints="1" visitedBranchPoints="0" sequenceCoverage="0" branchCoverage="0" maxCyclomaticComplexity="1" minCyclomaticComplexity="1" visitedClasses="0" numClasses="0" visitedMethods="0" numMethods="1" minCrapScore="2" maxCrapScore="2" />
              <MetadataToken>100663469</MetadataToken>
              <Name>Microsoft.FSharp.Collections.FSharpList`1&lt;System.String&gt; Process/listAllImages@63::Invoke(System.String)</Name>
              <FileRef uid="3" />
              <SequencePoints>
                <SequencePoint vc="0" uspid="95" ordinal="0" offset="0" sl="63" sc="9" el="64" ec="92" bec="0" bev="0" fileid="3" />
                <SequencePoint vc="0" uspid="94" ordinal="1" offset="116" sl="66" sc="9" el="66" ec="71" bec="0" bev="0" fileid="3" />
                <SequencePoint vc="0" uspid="93" ordinal="2" offset="123" sl="68" sc="9" el="69" ec="129" bec="0" bev="0" fileid="3" />
                <SequencePoint vc="0" uspid="92" ordinal="3" offset="136" sl="71" sc="9" el="71" ec="37" bec="0" bev="0" fileid="3" />
              </SequencePoints>
              <BranchPoints />
              <MethodPoint xsi:type="SequencePoint" vc="0" uspid="95" ordinal="0" offset="0" sl="63" sc="9" el="64" ec="92" bec="0" bev="0" fileid="3" />
            </Method>
            <Method visited="false" cyclomaticComplexity="1" nPathComplexity="0" sequenceCoverage="0" branchCoverage="0" isConstructor="true" isStatic="true" isGetter="false" isSetter="false" crapScore="2">
              <Summary numSequencePoints="0" visitedSequencePoints="0" numBranchPoints="0" visitedBranchPoints="0" sequenceCoverage="0" branchCoverage="0" maxCyclomaticComplexity="1" minCyclomaticComplexity="1" visitedClasses="0" numClasses="0" visitedMethods="0" numMethods="0" minCrapScore="2" maxCrapScore="2" />
              <MetadataToken>100663470</MetadataToken>
              <Name>System.Void Process/listAllImages@63::.cctor()</Name>
              <SequencePoints />
              <BranchPoints />
              <MethodPoint vc="0" uspid="100663470" ordinal="0" offset="0" />
            </Method>
          </Methods>
        </Class>
        <Class>
          <Summary numSequencePoints="0" visitedSequencePoints="0" numBranchPoints="0" visitedBranchPoints="0" sequenceCoverage="0" branchCoverage="0" maxCyclomaticComplexity="0" minCyclomaticComplexity="0" visitedClasses="0" numClasses="0" visitedMethods="0" numMethods="0" minCrapScore="0" maxCrapScore="0" />
          <FullName>Process/imageEditorsList@81</FullName>
          <Methods>
            <Method visited="false" cyclomaticComplexity="1" nPathComplexity="0" sequenceCoverage="0" branchCoverage="0" isConstructor="false" isStatic="false" isGetter="false" isSetter="false" crapScore="2">
              <Summary numSequencePoints="0" visitedSequencePoints="0" numBranchPoints="0" visitedBranchPoints="0" sequenceCoverage="0" branchCoverage="0" maxCyclomaticComplexity="1" minCyclomaticComplexity="1" visitedClasses="0" numClasses="0" visitedMethods="0" numMethods="0" minCrapScore="2" maxCrapScore="2" />
              <MetadataToken>100663472</MetadataToken>
              <Name>Microsoft.FSharp.Core.FSharpFunc`2&lt;MyImage/MyImage,MyImage/MyImage&gt; Process/imageEditorsList@81::Invoke(Process/Transformations)</Name>
              <SequencePoints />
              <BranchPoints />
              <MethodPoint vc="0" uspid="100663472" ordinal="0" offset="0" />
            </Method>
            <Method visited="false" cyclomaticComplexity="1" nPathComplexity="0" sequenceCoverage="0" branchCoverage="0" isConstructor="true" isStatic="true" isGetter="false" isSetter="false" crapScore="2">
              <Summary numSequencePoints="0" visitedSequencePoints="0" numBranchPoints="0" visitedBranchPoints="0" sequenceCoverage="0" branchCoverage="0" maxCyclomaticComplexity="1" minCyclomaticComplexity="1" visitedClasses="0" numClasses="0" visitedMethods="0" numMethods="0" minCrapScore="2" maxCrapScore="2" />
              <MetadataToken>100663473</MetadataToken>
              <Name>System.Void Process/imageEditorsList@81::.cctor()</Name>
              <SequencePoints />
              <BranchPoints />
              <MethodPoint vc="0" uspid="100663473" ordinal="0" offset="0" />
            </Method>
          </Methods>
        </Class>
        <Class>
          <Summary numSequencePoints="0" visitedSequencePoints="0" numBranchPoints="0" visitedBranchPoints="0" sequenceCoverage="0" branchCoverage="0" maxCyclomaticComplexity="0" minCyclomaticComplexity="0" visitedClasses="0" numClasses="0" visitedMethods="0" numMethods="0" minCrapScore="0" maxCrapScore="0" />
          <FullName>Process/imageEditor@92</FullName>
          <Methods>
            <Method visited="false" cyclomaticComplexity="1" nPathComplexity="0" sequenceCoverage="0" branchCoverage="0" isConstructor="false" isStatic="false" isGetter="false" isSetter="false" crapScore="2">
              <Summary numSequencePoints="0" visitedSequencePoints="0" numBranchPoints="0" visitedBranchPoints="0" sequenceCoverage="0" branchCoverage="0" maxCyclomaticComplexity="1" minCyclomaticComplexity="1" visitedClasses="0" numClasses="0" visitedMethods="0" numMethods="0" minCrapScore="2" maxCrapScore="2" />
              <MetadataToken>100663475</MetadataToken>
              <Name>MyImage/MyImage Process/imageEditor@92::Invoke(Microsoft.FSharp.Core.FSharpFunc`2&lt;MyImage/MyImage,MyImage/MyImage&gt;,Microsoft.FSharp.Core.FSharpFunc`2&lt;MyImage/MyImage,MyImage/MyImage&gt;,MyImage/MyImage)</Name>
              <SequencePoints />
              <BranchPoints />
              <MethodPoint vc="0" uspid="100663475" ordinal="0" offset="0" />
            </Method>
            <Method visited="false" cyclomaticComplexity="1" nPathComplexity="0" sequenceCoverage="0" branchCoverage="0" isConstructor="true" isStatic="true" isGetter="false" isSetter="false" crapScore="2">
              <Summary numSequencePoints="0" visitedSequencePoints="0" numBranchPoints="0" visitedBranchPoints="0" sequenceCoverage="0" branchCoverage="0" maxCyclomaticComplexity="1" minCyclomaticComplexity="1" visitedClasses="0" numClasses="0" visitedMethods="0" numMethods="0" minCrapScore="2" maxCrapScore="2" />
              <MetadataToken>100663476</MetadataToken>
              <Name>System.Void Process/imageEditor@92::.cctor()</Name>
              <SequencePoints />
              <BranchPoints />
              <MethodPoint vc="0" uspid="100663476" ordinal="0" offset="0" />
            </Method>
          </Methods>
        </Class>
        <Class>
          <Summary numSequencePoints="1" visitedSequencePoints="0" numBranchPoints="1" visitedBranchPoints="0" sequenceCoverage="0" branchCoverage="0" maxCyclomaticComplexity="1" minCyclomaticComplexity="1" visitedClasses="0" numClasses="1" visitedMethods="0" numMethods="1" minCrapScore="2" maxCrapScore="2" />
          <FullName>Process/processorsArray@95</FullName>
          <Methods>
            <Method visited="false" cyclomaticComplexity="1" nPathComplexity="0" sequenceCoverage="0" branchCoverage="0" isConstructor="false" isStatic="false" isGetter="false" isSetter="false" crapScore="2">
              <Summary numSequencePoints="1" visitedSequencePoints="0" numBranchPoints="1" visitedBranchPoints="0" sequenceCoverage="0" branchCoverage="0" maxCyclomaticComplexity="1" minCyclomaticComplexity="1" visitedClasses="0" numClasses="0" visitedMethods="0" numMethods="1" minCrapScore="2" maxCrapScore="2" />
              <MetadataToken>100663478</MetadataToken>
              <Name>Microsoft.FSharp.Control.FSharpMailboxProcessor`1&lt;Agents/pathMessage&gt; Process/processorsArray@95::Invoke(System.Int32)</Name>
              <FileRef uid="3" />
              <SequencePoints>
                <SequencePoint vc="0" uspid="96" ordinal="0" offset="0" sl="95" sc="68" el="95" ec="109" bec="0" bev="0" fileid="3" />
              </SequencePoints>
              <BranchPoints />
              <MethodPoint xsi:type="SequencePoint" vc="0" uspid="96" ordinal="0" offset="0" sl="95" sc="68" el="95" ec="109" bec="0" bev="0" fileid="3" />
            </Method>
          </Methods>
        </Class>
        <Class>
          <Summary numSequencePoints="0" visitedSequencePoints="0" numBranchPoints="0" visitedBranchPoints="0" sequenceCoverage="0" branchCoverage="0" maxCyclomaticComplexity="0" minCyclomaticComplexity="0" visitedClasses="0" numClasses="0" visitedMethods="0" numMethods="0" minCrapScore="0" maxCrapScore="0" />
          <FullName>Process/processImages@102</FullName>
          <Methods>
            <Method visited="false" cyclomaticComplexity="1" nPathComplexity="0" sequenceCoverage="0" branchCoverage="0" isConstructor="false" isStatic="false" isGetter="false" isSetter="false" crapScore="2">
              <Summary numSequencePoints="0" visitedSequencePoints="0" numBranchPoints="0" visitedBranchPoints="0" sequenceCoverage="0" branchCoverage="0" maxCyclomaticComplexity="1" minCyclomaticComplexity="1" visitedClasses="0" numClasses="0" visitedMethods="0" numMethods="0" minCrapScore="2" maxCrapScore="2" />
              <MetadataToken>100663480</MetadataToken>
              <Name>Agents/pathMessage Process/processImages@102::Invoke(Microsoft.FSharp.Control.FSharpAsyncReplyChannel`1&lt;Microsoft.FSharp.Core.Unit&gt;)</Name>
              <SequencePoints />
              <BranchPoints />
              <MethodPoint vc="0" uspid="100663480" ordinal="0" offset="0" />
            </Method>
            <Method visited="false" cyclomaticComplexity="1" nPathComplexity="0" sequenceCoverage="0" branchCoverage="0" isConstructor="true" isStatic="true" isGetter="false" isSetter="false" crapScore="2">
              <Summary numSequencePoints="0" visitedSequencePoints="0" numBranchPoints="0" visitedBranchPoints="0" sequenceCoverage="0" branchCoverage="0" maxCyclomaticComplexity="1" minCyclomaticComplexity="1" visitedClasses="0" numClasses="0" visitedMethods="0" numMethods="0" minCrapScore="2" maxCrapScore="2" />
              <MetadataToken>100663481</MetadataToken>
              <Name>System.Void Process/processImages@102::.cctor()</Name>
              <SequencePoints />
              <BranchPoints />
              <MethodPoint vc="0" uspid="100663481" ordinal="0" offset="0" />
            </Method>
          </Methods>
        </Class>
        <Class>
          <Summary numSequencePoints="0" visitedSequencePoints="0" numBranchPoints="0" visitedBranchPoints="0" sequenceCoverage="0" branchCoverage="0" maxCyclomaticComplexity="0" minCyclomaticComplexity="0" visitedClasses="0" numClasses="0" visitedMethods="0" numMethods="0" minCrapScore="0" maxCrapScore="0" />
          <FullName>Process/imageProcessor@105</FullName>
          <Methods>
            <Method visited="false" cyclomaticComplexity="1" nPathComplexity="0" sequenceCoverage="0" branchCoverage="0" isConstructor="false" isStatic="false" isGetter="false" isSetter="false" crapScore="2">
              <Summary numSequencePoints="0" visitedSequencePoints="0" numBranchPoints="0" visitedBranchPoints="0" sequenceCoverage="0" branchCoverage="0" maxCyclomaticComplexity="1" minCyclomaticComplexity="1" visitedClasses="0" numClasses="0" visitedMethods="0" numMethods="0" minCrapScore="2" maxCrapScore="2" />
              <MetadataToken>100663483</MetadataToken>
              <Name>Microsoft.FSharp.Control.FSharpMailboxProcessor`1&lt;Agents/imageMessage&gt; Process/imageProcessor@105::Invoke(Microsoft.FSharp.Core.FSharpFunc`2&lt;MyImage/MyImage,MyImage/MyImage&gt;,Microsoft.FSharp.Control.FSharpMailboxProcessor`1&lt;Agents/imageMessage&gt;)</Name>
              <SequencePoints />
              <BranchPoints />
              <MethodPoint vc="0" uspid="100663483" ordinal="0" offset="0" />
            </Method>
            <Method visited="false" cyclomaticComplexity="1" nPathComplexity="0" sequenceCoverage="0" branchCoverage="0" isConstructor="true" isStatic="true" isGetter="false" isSetter="false" crapScore="2">
              <Summary numSequencePoints="0" visitedSequencePoints="0" numBranchPoints="0" visitedBranchPoints="0" sequenceCoverage="0" branchCoverage="0" maxCyclomaticComplexity="1" minCyclomaticComplexity="1" visitedClasses="0" numClasses="0" visitedMethods="0" numMethods="0" minCrapScore="2" maxCrapScore="2" />
              <MetadataToken>100663484</MetadataToken>
              <Name>System.Void Process/imageProcessor@105::.cctor()</Name>
              <SequencePoints />
              <BranchPoints />
              <MethodPoint vc="0" uspid="100663484" ordinal="0" offset="0" />
            </Method>
          </Methods>
        </Class>
        <Class>
          <Summary numSequencePoints="0" visitedSequencePoints="0" numBranchPoints="0" visitedBranchPoints="0" sequenceCoverage="0" branchCoverage="0" maxCyclomaticComplexity="0" minCyclomaticComplexity="0" visitedClasses="0" numClasses="0" visitedMethods="0" numMethods="0" minCrapScore="0" maxCrapScore="0" />
          <FullName>Process/processImages@110-1</FullName>
          <Methods>
            <Method visited="false" cyclomaticComplexity="1" nPathComplexity="0" sequenceCoverage="0" branchCoverage="0" isConstructor="false" isStatic="false" isGetter="false" isSetter="false" crapScore="2">
              <Summary numSequencePoints="0" visitedSequencePoints="0" numBranchPoints="0" visitedBranchPoints="0" sequenceCoverage="0" branchCoverage="0" maxCyclomaticComplexity="1" minCyclomaticComplexity="1" visitedClasses="0" numClasses="0" visitedMethods="0" numMethods="0" minCrapScore="2" maxCrapScore="2" />
              <MetadataToken>100663486</MetadataToken>
              <Name>Agents/imageMessage Process/processImages@110-1::Invoke(Microsoft.FSharp.Control.FSharpAsyncReplyChannel`1&lt;Microsoft.FSharp.Core.Unit&gt;)</Name>
              <SequencePoints />
              <BranchPoints />
              <MethodPoint vc="0" uspid="100663486" ordinal="0" offset="0" />
            </Method>
            <Method visited="false" cyclomaticComplexity="1" nPathComplexity="0" sequenceCoverage="0" branchCoverage="0" isConstructor="true" isStatic="true" isGetter="false" isSetter="false" crapScore="2">
              <Summary numSequencePoints="0" visitedSequencePoints="0" numBranchPoints="0" visitedBranchPoints="0" sequenceCoverage="0" branchCoverage="0" maxCyclomaticComplexity="1" minCyclomaticComplexity="1" visitedClasses="0" numClasses="0" visitedMethods="0" numMethods="0" minCrapScore="2" maxCrapScore="2" />
              <MetadataToken>100663487</MetadataToken>
              <Name>System.Void Process/processImages@110-1::.cctor()</Name>
              <SequencePoints />
              <BranchPoints />
              <MethodPoint vc="0" uspid="100663487" ordinal="0" offset="0" />
            </Method>
          </Methods>
        </Class>
        <Class>
          <Summary numSequencePoints="0" visitedSequencePoints="0" numBranchPoints="0" visitedBranchPoints="0" sequenceCoverage="0" branchCoverage="0" maxCyclomaticComplexity="0" minCyclomaticComplexity="0" visitedClasses="0" numClasses="0" visitedMethods="0" numMethods="0" minCrapScore="0" maxCrapScore="0" />
          <FullName>Process/imageProcessor@113-1</FullName>
          <Methods>
            <Method visited="false" cyclomaticComplexity="1" nPathComplexity="0" sequenceCoverage="0" branchCoverage="0" isConstructor="false" isStatic="false" isGetter="false" isSetter="false" crapScore="2">
              <Summary numSequencePoints="0" visitedSequencePoints="0" numBranchPoints="0" visitedBranchPoints="0" sequenceCoverage="0" branchCoverage="0" maxCyclomaticComplexity="1" minCyclomaticComplexity="1" visitedClasses="0" numClasses="0" visitedMethods="0" numMethods="0" minCrapScore="2" maxCrapScore="2" />
              <MetadataToken>100663489</MetadataToken>
              <Name>MyImage/MyImage Process/imageProcessor@113-1::Invoke(Microsoft.FSharp.Core.FSharpFunc`2&lt;MyImage/MyImage,MyImage/MyImage&gt;,Microsoft.FSharp.Core.FSharpFunc`2&lt;MyImage/MyImage,MyImage/MyImage&gt;,MyImage/MyImage)</Name>
              <SequencePoints />
              <BranchPoints />
              <MethodPoint vc="0" uspid="100663489" ordinal="0" offset="0" />
            </Method>
            <Method visited="false" cyclomaticComplexity="1" nPathComplexity="0" sequenceCoverage="0" branchCoverage="0" isConstructor="true" isStatic="true" isGetter="false" isSetter="false" crapScore="2">
              <Summary numSequencePoints="0" visitedSequencePoints="0" numBranchPoints="0" visitedBranchPoints="0" sequenceCoverage="0" branchCoverage="0" maxCyclomaticComplexity="1" minCyclomaticComplexity="1" visitedClasses="0" numClasses="0" visitedMethods="0" numMethods="0" minCrapScore="2" maxCrapScore="2" />
              <MetadataToken>100663490</MetadataToken>
              <Name>System.Void Process/imageProcessor@113-1::.cctor()</Name>
              <SequencePoints />
              <BranchPoints />
              <MethodPoint vc="0" uspid="100663490" ordinal="0" offset="0" />
            </Method>
          </Methods>
        </Class>
        <Class>
          <Summary numSequencePoints="0" visitedSequencePoints="0" numBranchPoints="0" visitedBranchPoints="0" sequenceCoverage="0" branchCoverage="0" maxCyclomaticComplexity="0" minCyclomaticComplexity="0" visitedClasses="0" numClasses="0" visitedMethods="0" numMethods="0" minCrapScore="0" maxCrapScore="0" />
          <FullName>Process/processImages@118-2</FullName>
          <Methods>
            <Method visited="false" cyclomaticComplexity="1" nPathComplexity="0" sequenceCoverage="0" branchCoverage="0" isConstructor="false" isStatic="false" isGetter="false" isSetter="false" crapScore="2">
              <Summary numSequencePoints="0" visitedSequencePoints="0" numBranchPoints="0" visitedBranchPoints="0" sequenceCoverage="0" branchCoverage="0" maxCyclomaticComplexity="1" minCyclomaticComplexity="1" visitedClasses="0" numClasses="0" visitedMethods="0" numMethods="0" minCrapScore="2" maxCrapScore="2" />
              <MetadataToken>100663492</MetadataToken>
              <Name>Agents/imageMessage Process/processImages@118-2::Invoke(Microsoft.FSharp.Control.FSharpAsyncReplyChannel`1&lt;Microsoft.FSharp.Core.Unit&gt;)</Name>
              <SequencePoints />
              <BranchPoints />
              <MethodPoint vc="0" uspid="100663492" ordinal="0" offset="0" />
            </Method>
            <Method visited="false" cyclomaticComplexity="1" nPathComplexity="0" sequenceCoverage="0" branchCoverage="0" isConstructor="true" isStatic="true" isGetter="false" isSetter="false" crapScore="2">
              <Summary numSequencePoints="0" visitedSequencePoints="0" numBranchPoints="0" visitedBranchPoints="0" sequenceCoverage="0" branchCoverage="0" maxCyclomaticComplexity="1" minCyclomaticComplexity="1" visitedClasses="0" numClasses="0" visitedMethods="0" numMethods="0" minCrapScore="2" maxCrapScore="2" />
              <MetadataToken>100663493</MetadataToken>
              <Name>System.Void Process/processImages@118-2::.cctor()</Name>
              <SequencePoints />
              <BranchPoints />
              <MethodPoint vc="0" uspid="100663493" ordinal="0" offset="0" />
            </Method>
          </Methods>
        </Class>
        <Class>
          <Summary numSequencePoints="0" visitedSequencePoints="0" numBranchPoints="0" visitedBranchPoints="0" sequenceCoverage="0" branchCoverage="0" maxCyclomaticComplexity="0" minCyclomaticComplexity="0" visitedClasses="0" numClasses="0" visitedMethods="0" numMethods="0" minCrapScore="0" maxCrapScore="0" />
          <FullName>Process/editedImage@122</FullName>
          <Methods>
            <Method visited="false" cyclomaticComplexity="1" nPathComplexity="0" sequenceCoverage="0" branchCoverage="0" isConstructor="false" isStatic="false" isGetter="false" isSetter="false" crapScore="2">
              <Summary numSequencePoints="0" visitedSequencePoints="0" numBranchPoints="0" visitedBranchPoints="0" sequenceCoverage="0" branchCoverage="0" maxCyclomaticComplexity="1" minCyclomaticComplexity="1" visitedClasses="0" numClasses="0" visitedMethods="0" numMethods="0" minCrapScore="2" maxCrapScore="2" />
              <MetadataToken>100663495</MetadataToken>
              <Name>MyImage/MyImage Process/editedImage@122::Invoke(Microsoft.FSharp.Core.FSharpFunc`2&lt;MyImage/MyImage,MyImage/MyImage&gt;,Microsoft.FSharp.Core.FSharpFunc`2&lt;MyImage/MyImage,MyImage/MyImage&gt;,MyImage/MyImage)</Name>
              <SequencePoints />
              <BranchPoints />
              <MethodPoint vc="0" uspid="100663495" ordinal="0" offset="0" />
            </Method>
            <Method visited="false" cyclomaticComplexity="1" nPathComplexity="0" sequenceCoverage="0" branchCoverage="0" isConstructor="true" isStatic="true" isGetter="false" isSetter="false" crapScore="2">
              <Summary numSequencePoints="0" visitedSequencePoints="0" numBranchPoints="0" visitedBranchPoints="0" sequenceCoverage="0" branchCoverage="0" maxCyclomaticComplexity="1" minCyclomaticComplexity="1" visitedClasses="0" numClasses="0" visitedMethods="0" numMethods="0" minCrapScore="2" maxCrapScore="2" />
              <MetadataToken>100663496</MetadataToken>
              <Name>System.Void Process/editedImage@122::.cctor()</Name>
              <SequencePoints />
              <BranchPoints />
              <MethodPoint vc="0" uspid="100663496" ordinal="0" offset="0" />
            </Method>
          </Methods>
        </Class>
        <Class>
          <Summary numSequencePoints="5" visitedSequencePoints="0" numBranchPoints="1" visitedBranchPoints="0" sequenceCoverage="0" branchCoverage="0" maxCyclomaticComplexity="1" minCyclomaticComplexity="1" visitedClasses="0" numClasses="1" visitedMethods="0" numMethods="1" minCrapScore="2" maxCrapScore="2" />
          <FullName>Process/imageProcessAndSave@121</FullName>
          <Methods>
            <Method visited="false" cyclomaticComplexity="1" nPathComplexity="0" sequenceCoverage="0" branchCoverage="0" isConstructor="false" isStatic="false" isGetter="false" isSetter="false" crapScore="2">
              <Summary numSequencePoints="5" visitedSequencePoints="0" numBranchPoints="1" visitedBranchPoints="0" sequenceCoverage="0" branchCoverage="0" maxCyclomaticComplexity="1" minCyclomaticComplexity="1" visitedClasses="0" numClasses="0" visitedMethods="0" numMethods="1" minCrapScore="2" maxCrapScore="2" />
              <MetadataToken>100663498</MetadataToken>
              <Name>Microsoft.FSharp.Core.Unit Process/imageProcessAndSave@121::Invoke(System.String)</Name>
              <FileRef uid="3" />
              <SequencePoints>
                <SequencePoint vc="0" uspid="101" ordinal="0" offset="0" sl="121" sc="13" el="121" ec="34" bec="0" bev="0" fileid="3" />
                <SequencePoint vc="0" uspid="100" ordinal="1" offset="7" sl="122" sc="31" el="122" ec="36" bec="0" bev="0" fileid="3" />
                <SequencePoint vc="0" uspid="99" ordinal="2" offset="9" sl="122" sc="40" el="122" ec="73" bec="0" bev="0" fileid="3" />
                <SequencePoint vc="0" uspid="98" ordinal="3" offset="32" sl="123" sc="13" el="123" ec="54" bec="0" bev="0" fileid="3" />
                <SequencePoint vc="0" uspid="97" ordinal="4" offset="50" sl="123" sc="58" el="123" ec="74" bec="0" bev="0" fileid="3" />
              </SequencePoints>
              <BranchPoints />
              <MethodPoint xsi:type="SequencePoint" vc="0" uspid="101" ordinal="0" offset="0" sl="121" sc="13" el="121" ec="34" bec="0" bev="0" fileid="3" />
            </Method>
          </Methods>
        </Class>
        <Class>
          <Summary numSequencePoints="3" visitedSequencePoints="0" numBranchPoints="3" visitedBranchPoints="0" sequenceCoverage="0" branchCoverage="0" maxCyclomaticComplexity="1" minCyclomaticComplexity="1" visitedClasses="0" numClasses="1" visitedMethods="0" numMethods="3" minCrapScore="2" maxCrapScore="2" />
          <FullName>Agents</FullName>
          <Methods>
            <Method visited="false" cyclomaticComplexity="1" nPathComplexity="0" sequenceCoverage="0" branchCoverage="0" isConstructor="false" isStatic="true" isGetter="true" isSetter="false" crapScore="2">
              <Summary numSequencePoints="0" visitedSequencePoints="0" numBranchPoints="0" visitedBranchPoints="0" sequenceCoverage="0" branchCoverage="0" maxCyclomaticComplexity="1" minCyclomaticComplexity="1" visitedClasses="0" numClasses="0" visitedMethods="0" numMethods="0" minCrapScore="2" maxCrapScore="2" />
              <MetadataToken>100663499</MetadataToken>
              <Name>Microsoft.FSharp.Control.FSharpMailboxProcessor`1&lt;System.String&gt; Agents::get_logger()</Name>
              <SequencePoints />
              <BranchPoints />
              <MethodPoint vc="0" uspid="100663499" ordinal="0" offset="0" />
            </Method>
            <Method visited="false" cyclomaticComplexity="1" nPathComplexity="0" sequenceCoverage="0" branchCoverage="0" isConstructor="false" isStatic="true" isGetter="false" isSetter="false" crapScore="2">
              <Summary numSequencePoints="1" visitedSequencePoints="0" numBranchPoints="1" visitedBranchPoints="0" sequenceCoverage="0" branchCoverage="0" maxCyclomaticComplexity="1" minCyclomaticComplexity="1" visitedClasses="0" numClasses="0" visitedMethods="0" numMethods="1" minCrapScore="2" maxCrapScore="2" />
              <MetadataToken>100663500</MetadataToken>
              <Name>Microsoft.FSharp.Control.FSharpMailboxProcessor`1&lt;Agents/imageMessage&gt; Agents::imageSaver(System.String)</Name>
              <FileRef uid="4" />
              <SequencePoints>
                <SequencePoint vc="0" uspid="102" ordinal="0" offset="7" sl="36" sc="5" el="36" ec="35" bec="0" bev="0" fileid="4" />
              </SequencePoints>
              <BranchPoints />
              <MethodPoint xsi:type="SequencePoint" vc="0" uspid="102" ordinal="0" offset="7" sl="36" sc="5" el="36" ec="35" bec="0" bev="0" fileid="4" />
            </Method>
            <Method visited="false" cyclomaticComplexity="1" nPathComplexity="0" sequenceCoverage="0" branchCoverage="0" isConstructor="false" isStatic="true" isGetter="false" isSetter="false" crapScore="2">
              <Summary numSequencePoints="1" visitedSequencePoints="0" numBranchPoints="1" visitedBranchPoints="0" sequenceCoverage="0" branchCoverage="0" maxCyclomaticComplexity="1" minCyclomaticComplexity="1" visitedClasses="0" numClasses="0" visitedMethods="0" numMethods="1" minCrapScore="2" maxCrapScore="2" />
              <MetadataToken>100663501</MetadataToken>
              <Name>Microsoft.FSharp.Control.FSharpMailboxProcessor`1&lt;Agents/imageMessage&gt; Agents::imageProcessor(Microsoft.FSharp.Core.FSharpFunc`2&lt;MyImage/MyImage,a&gt;,Microsoft.FSharp.Control.FSharpMailboxProcessor`1&lt;Agents/imageMessage&gt;)</Name>
              <FileRef uid="4" />
              <SequencePoints>
                <SequencePoint vc="0" uspid="103" ordinal="0" offset="8" sl="57" sc="5" el="57" ec="35" bec="0" bev="0" fileid="4" />
              </SequencePoints>
              <BranchPoints />
              <MethodPoint xsi:type="SequencePoint" vc="0" uspid="103" ordinal="0" offset="8" sl="57" sc="5" el="57" ec="35" bec="0" bev="0" fileid="4" />
            </Method>
            <Method visited="false" cyclomaticComplexity="1" nPathComplexity="0" sequenceCoverage="0" branchCoverage="0" isConstructor="false" isStatic="true" isGetter="false" isSetter="false" crapScore="2">
              <Summary numSequencePoints="1" visitedSequencePoints="0" numBranchPoints="1" visitedBranchPoints="0" sequenceCoverage="0" branchCoverage="0" maxCyclomaticComplexity="1" minCyclomaticComplexity="1" visitedClasses="0" numClasses="0" visitedMethods="0" numMethods="1" minCrapScore="2" maxCrapScore="2" />
              <MetadataToken>100663502</MetadataToken>
              <Name>Microsoft.FSharp.Control.FSharpMailboxProcessor`1&lt;Agents/pathMessage&gt; Agents::imageFullProcessor(Microsoft.FSharp.Core.FSharpFunc`2&lt;MyImage/MyImage,a&gt;,System.String)</Name>
              <FileRef uid="4" />
              <SequencePoints>
                <SequencePoint vc="0" uspid="104" ordinal="0" offset="8" sl="86" sc="5" el="86" ec="35" bec="0" bev="0" fileid="4" />
              </SequencePoints>
              <BranchPoints />
              <MethodPoint xsi:type="SequencePoint" vc="0" uspid="104" ordinal="0" offset="8" sl="86" sc="5" el="86" ec="35" bec="0" bev="0" fileid="4" />
            </Method>
          </Methods>
        </Class>
        <Class>
          <Summary numSequencePoints="1" visitedSequencePoints="0" numBranchPoints="1" visitedBranchPoints="0" sequenceCoverage="0" branchCoverage="0" maxCyclomaticComplexity="1" minCyclomaticComplexity="1" visitedClasses="0" numClasses="1" visitedMethods="0" numMethods="1" minCrapScore="2" maxCrapScore="2" />
          <FullName>Agents/logger@9-2</FullName>
          <Methods>
            <Method visited="false" cyclomaticComplexity="1" nPathComplexity="0" sequenceCoverage="0" branchCoverage="0" isConstructor="false" isStatic="false" isGetter="false" isSetter="false" crapScore="2">
              <Summary numSequencePoints="1" visitedSequencePoints="0" numBranchPoints="1" visitedBranchPoints="0" sequenceCoverage="0" branchCoverage="0" maxCyclomaticComplexity="1" minCyclomaticComplexity="1" visitedClasses="0" numClasses="0" visitedMethods="0" numMethods="1" minCrapScore="2" maxCrapScore="2" />
              <MetadataToken>100663504</MetadataToken>
              <Name>System.Boolean Agents/logger@9-2::Invoke(Microsoft.FSharp.Core.Unit)</Name>
              <FileRef uid="4" />
              <SequencePoints>
                <SequencePoint vc="0" uspid="105" ordinal="0" offset="0" sl="9" sc="13" el="9" ec="23" bec="0" bev="0" fileid="4" />
              </SequencePoints>
              <BranchPoints />
              <MethodPoint xsi:type="SequencePoint" vc="0" uspid="105" ordinal="0" offset="0" sl="9" sc="13" el="9" ec="23" bec="0" bev="0" fileid="4" />
            </Method>
            <Method visited="false" cyclomaticComplexity="1" nPathComplexity="0" sequenceCoverage="0" branchCoverage="0" isConstructor="true" isStatic="true" isGetter="false" isSetter="false" crapScore="2">
              <Summary numSequencePoints="0" visitedSequencePoints="0" numBranchPoints="0" visitedBranchPoints="0" sequenceCoverage="0" branchCoverage="0" maxCyclomaticComplexity="1" minCyclomaticComplexity="1" visitedClasses="0" numClasses="0" visitedMethods="0" numMethods="0" minCrapScore="2" maxCrapScore="2" />
              <MetadataToken>100663505</MetadataToken>
              <Name>System.Void Agents/logger@9-2::.cctor()</Name>
              <SequencePoints />
              <BranchPoints />
              <MethodPoint vc="0" uspid="100663505" ordinal="0" offset="0" />
            </Method>
          </Methods>
        </Class>
        <Class>
          <Summary numSequencePoints="1" visitedSequencePoints="0" numBranchPoints="1" visitedBranchPoints="0" sequenceCoverage="0" branchCoverage="0" maxCyclomaticComplexity="1" minCyclomaticComplexity="1" visitedClasses="0" numClasses="1" visitedMethods="0" numMethods="1" minCrapScore="2" maxCrapScore="2" />
          <FullName>Agents/logger@11-4</FullName>
          <Methods>
            <Method visited="false" cyclomaticComplexity="1" nPathComplexity="0" sequenceCoverage="0" branchCoverage="0" isConstructor="false" isStatic="false" isGetter="false" isSetter="false" crapScore="2">
              <Summary numSequencePoints="1" visitedSequencePoints="0" numBranchPoints="1" visitedBranchPoints="0" sequenceCoverage="0" branchCoverage="0" maxCyclomaticComplexity="1" minCyclomaticComplexity="1" visitedClasses="0" numClasses="0" visitedMethods="0" numMethods="1" minCrapScore="2" maxCrapScore="2" />
              <MetadataToken>100663507</MetadataToken>
              <Name>Microsoft.FSharp.Control.FSharpAsync`1&lt;Microsoft.FSharp.Core.Unit&gt; Agents/logger@11-4::Invoke(System.String)</Name>
              <FileRef uid="4" />
              <SequencePoints>
                <SequencePoint vc="0" uspid="106" ordinal="0" offset="2" sl="11" sc="17" el="11" ec="37" bec="0" bev="0" fileid="4" />
              </SequencePoints>
              <BranchPoints />
              <MethodPoint xsi:type="SequencePoint" vc="0" uspid="106" ordinal="0" offset="2" sl="11" sc="17" el="11" ec="37" bec="0" bev="0" fileid="4" />
[...]
                <SequencePoint vc="11801314" uspid="248" ordinal="7" offset="117" sl="18" sc="27" el="18" ec="32" bec="2" bev="0" fileid="7" />
                <SequencePoint vc="11789197" uspid="247" ordinal="8" offset="126" sl="18" sc="36" el="18" ec="53" bec="2" bev="0" fileid="7" />
                <SequencePoint vc="11777080" uspid="246" ordinal="9" offset="151" sl="18" sc="57" el="18" ec="62" bec="2" bev="0" fileid="7" />
                <SequencePoint vc="11761341" uspid="245" ordinal="10" offset="163" sl="18" sc="66" el="18" ec="82" bec="2" bev="8" fileid="7" />
                <SequencePoint vc="55712" uspid="244" ordinal="11" offset="186" sl="19" sc="28" el="19" ec="49" bec="0" bev="0" fileid="7" />
                <SequencePoint vc="11745602" uspid="243" ordinal="12" offset="216" sl="21" sc="28" el="21" ec="67" bec="0" bev="0" fileid="7" />
                <SequencePoint vc="15282176" uspid="242" ordinal="13" offset="258" sl="17" sc="26" el="17" ec="28" bec="2" bev="2" fileid="7" />
                <SequencePoint vc="4944008" uspid="241" ordinal="14" offset="300" sl="16" sc="22" el="16" ec="24" bec="2" bev="2" fileid="7" />
                <SequencePoint vc="1463146" uspid="240" ordinal="15" offset="350" sl="23" sc="9" el="23" ec="74" bec="0" bev="0" fileid="7" />
              </SequencePoints>
              <BranchPoints>
                <BranchPoint vc="12117" uspid="82" ordinal="0" offset="120" sl="18" path="0" offsetchain="122" offsetend="145" fileid="7" />
                <BranchPoint vc="11789197" uspid="83" ordinal="1" offset="120" sl="18" path="1" offsetend="126" fileid="7" />
                <BranchPoint vc="24234" uspid="84" ordinal="2" offset="145" sl="18" path="0" offsetchain="147" offsetend="157" fileid="7" />
                <BranchPoint vc="11777080" uspid="85" ordinal="3" offset="145" sl="18" path="1" offsetend="151" fileid="7" />
                <BranchPoint vc="39973" uspid="86" ordinal="4" offset="157" sl="18" path="0" offsetchain="159" offsetend="182" fileid="7" />
                <BranchPoint vc="11761341" uspid="87" ordinal="5" offset="157" sl="18" path="1" offsetend="163" fileid="7" />
                <BranchPoint vc="55712" uspid="88" ordinal="6" offset="182" sl="18" path="0" offsetend="184" fileid="7" />
                <BranchPoint vc="11745602" uspid="89" ordinal="7" offset="182" sl="18" path="1" offsetend="214" fileid="7" />
                <BranchPoint vc="3480862" uspid="90" ordinal="8" offset="265" sl="17" path="0" offsetend="270" fileid="7" />
                <BranchPoint vc="11801314" uspid="91" ordinal="9" offset="265" sl="17" path="1" offsetend="107" fileid="7" />
                <BranchPoint vc="1463146" uspid="92" ordinal="10" offset="307" sl="16" path="0" offsetend="312" fileid="7" />
                <BranchPoint vc="3480862" uspid="93" ordinal="11" offset="307" sl="16" path="1" offsetchain="63" offsetend="258" fileid="7" />
              </BranchPoints>
              <MethodPoint xsi:type="SequencePoint" vc="1463146" uspid="255" ordinal="0" offset="0" sl="12" sc="9" el="12" ec="33" bec="0" bev="0" fileid="7" />
            </Method>
          </Methods>
        </Class>
        <Class>
          <Summary numSequencePoints="1" visitedSequencePoints="1" numBranchPoints="1" visitedBranchPoints="0" sequenceCoverage="100" branchCoverage="0" maxCyclomaticComplexity="1" minCyclomaticComplexity="1" visitedClasses="1" numClasses="1" visitedMethods="1" numMethods="1" minCrapScore="1" maxCrapScore="1" />
          <FullName>CPU/applyFilter@25</FullName>
          <Methods>
            <Method visited="true" cyclomaticComplexity="1" nPathComplexity="0" sequenceCoverage="100" branchCoverage="0" isConstructor="false" isStatic="false" isGetter="false" isSetter="false" crapScore="1">
              <Summary numSequencePoints="1" visitedSequencePoints="1" numBranchPoints="1" visitedBranchPoints="0" sequenceCoverage="100" branchCoverage="0" maxCyclomaticComplexity="1" minCyclomaticComplexity="1" visitedClasses="0" numClasses="0" visitedMethods="1" numMethods="1" minCrapScore="1" maxCrapScore="1" />
              <MetadataToken>100663668</MetadataToken>
              <Name>System.Byte CPU/applyFilter@25::Invoke(System.Int32,System.Byte)</Name>
              <FileRef uid="7" />
              <SequencePoints>
                <SequencePoint vc="1463146" uspid="256" ordinal="0" offset="0" sl="25" sc="36" el="25" ec="60" bec="0" bev="0" fileid="7" />
              </SequencePoints>
              <BranchPoints />
              <MethodPoint xsi:type="SequencePoint" vc="1463146" uspid="256" ordinal="0" offset="0" sl="25" sc="36" el="25" ec="60" bec="0" bev="0" fileid="7" />
            </Method>
          </Methods>
        </Class>
        <Class>
          <Summary numSequencePoints="3" visitedSequencePoints="2" numBranchPoints="2" visitedBranchPoints="0" sequenceCoverage="66.67" branchCoverage="0" maxCyclomaticComplexity="1" minCyclomaticComplexity="1" visitedClasses="1" numClasses="1" visitedMethods="1" numMethods="2" minCrapScore="1" maxCrapScore="2" />
          <FullName>Helper</FullName>
          <Methods>
            <Method visited="true" cyclomaticComplexity="1" nPathComplexity="0" sequenceCoverage="100" branchCoverage="0" isConstructor="false" isStatic="true" isGetter="false" isSetter="false" crapScore="1">
              <Summary numSequencePoints="2" visitedSequencePoints="2" numBranchPoints="1" visitedBranchPoints="0" sequenceCoverage="100" branchCoverage="0" maxCyclomaticComplexity="1" minCyclomaticComplexity="1" visitedClasses="0" numClasses="0" visitedMethods="1" numMethods="1" minCrapScore="1" maxCrapScore="1" />
              <MetadataToken>100663669</MetadataToken>
              <Name>a[] Helper::toFlatArray(a[0...,0...])</Name>
              <FileRef uid="8" />
              <SequencePoints>
                <SequencePoint vc="48" uspid="258" ordinal="0" offset="0" sl="4" sc="5" el="8" ec="6" bec="0" bev="0" fileid="8" />
                <SequencePoint vc="48" uspid="257" ordinal="1" offset="12" sl="9" sc="8" el="9" ec="19" bec="0" bev="0" fileid="8" />
              </SequencePoints>
              <BranchPoints />
              <MethodPoint xsi:type="SequencePoint" vc="48" uspid="258" ordinal="0" offset="0" sl="4" sc="5" el="8" ec="6" bec="0" bev="0" fileid="8" />
            </Method>
            <Method visited="false" cyclomaticComplexity="1" nPathComplexity="0" sequenceCoverage="0" branchCoverage="0" isConstructor="false" isStatic="true" isGetter="false" isSetter="false" crapScore="2">
              <Summary numSequencePoints="1" visitedSequencePoints="0" numBranchPoints="1" visitedBranchPoints="0" sequenceCoverage="0" branchCoverage="0" maxCyclomaticComplexity="1" minCyclomaticComplexity="1" visitedClasses="0" numClasses="0" visitedMethods="0" numMethods="1" minCrapScore="2" maxCrapScore="2" />
              <MetadataToken>100663670</MetadataToken>
              <Name>System.String Helper::generatePath(System.String,System.String)</Name>
              <FileRef uid="8" />
              <SequencePoints>
                <SequencePoint vc="0" uspid="259" ordinal="0" offset="0" sl="12" sc="5" el="12" ec="55" bec="0" bev="0" fileid="8" />
              </SequencePoints>
              <BranchPoints />
              <MethodPoint xsi:type="SequencePoint" vc="0" uspid="259" ordinal="0" offset="0" sl="12" sc="5" el="12" ec="55" bec="0" bev="0" fileid="8" />
            </Method>
          </Methods>
        </Class>
        <Class>
          <Summary numSequencePoints="6" visitedSequencePoints="6" numBranchPoints="5" visitedBranchPoints="5" sequenceCoverage="100" branchCoverage="100" maxCyclomaticComplexity="8" minCyclomaticComplexity="1" visitedClasses="1" numClasses="1" visitedMethods="1" numMethods="1" minCrapScore="8" maxCrapScore="8" />
          <FullName>Helper/Pipe #1 input at line 4@5</FullName>
          <Methods>
            <Method visited="true" cyclomaticComplexity="1" nPathComplexity="0" sequenceCoverage="0" branchCoverage="0" isConstructor="true" isStatic="false" isGetter="false" isSetter="false" crapScore="1">
              <Summary numSequencePoints="0" visitedSequencePoints="0" numBranchPoints="0" visitedBranchPoints="0" sequenceCoverage="0" branchCoverage="0" maxCyclomaticComplexity="1" minCyclomaticComplexity="1" visitedClasses="0" numClasses="0" visitedMethods="0" numMethods="0" minCrapScore="1" maxCrapScore="1" />
              <MetadataToken>100663671</MetadataToken>
              <Name>System.Void Helper/Pipe #1 input at line 4@5::.ctor(a[0...,0...],System.Int32,System.Collections.Generic.IEnumerator`1&lt;System.Int32&gt;,System.Collections.Generic.IEnumerator`1&lt;System.Int32&gt;,System.Int32,a)</Name>
              <SequencePoints />
              <BranchPoints />
              <MethodPoint vc="96" uspid="100663671" ordinal="0" offset="0" />
            </Method>
            <Method visited="true" cyclomaticComplexity="8" nPathComplexity="4" sequenceCoverage="100" branchCoverage="100" isConstructor="false" isStatic="false" isGetter="false" isSetter="false" crapScore="8">
              <Summary numSequencePoints="6" visitedSequencePoints="6" numBranchPoints="5" visitedBranchPoints="5" sequenceCoverage="100" branchCoverage="100" maxCyclomaticComplexity="8" minCyclomaticComplexity="8" visitedClasses="0" numClasses="0" visitedMethods="1" numMethods="1" minCrapScore="8" maxCrapScore="8" />
              <MetadataToken>100663672</MetadataToken>
              <Name>System.Int32 Helper/Pipe #1 input at line 4@5::GenerateNext(System.Collections.Generic.IEnumerable`1&lt;a&gt;&amp;)</Name>
              <FileRef uid="8" />
              <SequencePoints>
                <SequencePoint vc="48" uspid="265" ordinal="0" offset="56" sl="5" sc="9" el="5" ec="12" bec="0" bev="0" fileid="8" />
                <SequencePoint vc="104" uspid="264" ordinal="1" offset="126" sl="6" sc="13" el="6" ec="16" bec="0" bev="0" fileid="8" />
                <SequencePoint vc="104" uspid="263" ordinal="2" offset="127" sl="6" sc="22" el="6" ec="60" bec="0" bev="0" fileid="8" />
                <SequencePoint vc="352" uspid="262" ordinal="3" offset="196" sl="7" sc="17" el="7" ec="36" bec="0" bev="0" fileid="8" />
                <SequencePoint vc="456" uspid="261" ordinal="4" offset="221" sl="6" sc="19" el="6" ec="21" bec="2" bev="2" fileid="8" />
                <SequencePoint vc="152" uspid="260" ordinal="5" offset="267" sl="5" sc="15" el="5" ec="17" bec="2" bev="2" fileid="8" />
              </SequencePoints>
              <BranchPoints>
                <BranchPoint vc="104" uspid="99" ordinal="0" offset="232" sl="6" path="0" offsetend="234" fileid="8" />
                <BranchPoint vc="352" uspid="100" ordinal="1" offset="232" sl="6" path="1" offsetend="176" fileid="8" />
                <BranchPoint vc="48" uspid="101" ordinal="2" offset="278" sl="5" path="0" offsetend="283" fileid="8" />
                <BranchPoint vc="104" uspid="102" ordinal="3" offset="278" sl="5" path="1" offsetchain="109" offsetend="221" fileid="8" />
              </BranchPoints>
              <MethodPoint xsi:type="SequencePoint" vc="48" uspid="265" ordinal="0" offset="56" sl="5" sc="9" el="5" ec="12" bec="0" bev="0" fileid="8" />
            </Method>
            <Method visited="true" cyclomaticComplexity="10" nPathComplexity="0" sequenceCoverage="0" branchCoverage="0" isConstructor="false" isStatic="false" isGetter="false" isSetter="false" crapScore="10">
              <Summary numSequencePoints="0" visitedSequencePoints="0" numBranchPoints="0" visitedBranchPoints="0" sequenceCoverage="0" branchCoverage="0" maxCyclomaticComplexity="10" minCyclomaticComplexity="10" visitedClasses="0" numClasses="0" visitedMethods="0" numMethods="0" minCrapScore="10" maxCrapScore="10" />
              <MetadataToken>100663673</MetadataToken>
              <Name>System.Void Helper/Pipe #1 input at line 4@5::Close()</Name>
              <SequencePoints />
              <BranchPoints />
              <MethodPoint vc="48" uspid="100663673" ordinal="0" offset="0" />
            </Method>
            <Method visited="false" cyclomaticComplexity="7" nPathComplexity="0" sequenceCoverage="0" branchCoverage="0" isConstructor="false" isStatic="false" isGetter="false" isSetter="false" crapScore="56">
              <Summary numSequencePoints="0" visitedSequencePoints="0" numBranchPoints="0" visitedBranchPoints="0" sequenceCoverage="0" branchCoverage="0" maxCyclomaticComplexity="7" minCyclomaticComplexity="7" visitedClasses="0" numClasses="0" visitedMethods="0" numMethods="0" minCrapScore="56" maxCrapScore="56" />
              <MetadataToken>100663674</MetadataToken>
              <Name>System.Boolean Helper/Pipe #1 input at line 4@5::get_CheckClose()</Name>
              <SequencePoints />
              <BranchPoints />
              <MethodPoint vc="0" uspid="100663674" ordinal="0" offset="0" />
            </Method>
            <Method visited="true" cyclomaticComplexity="1" nPathComplexity="0" sequenceCoverage="0" branchCoverage="0" isConstructor="false" isStatic="false" isGetter="false" isSetter="false" crapScore="1">
              <Summary numSequencePoints="0" visitedSequencePoints="0" numBranchPoints="0" visitedBranchPoints="0" sequenceCoverage="0" branchCoverage="0" maxCyclomaticComplexity="1" minCyclomaticComplexity="1" visitedClasses="0" numClasses="0" visitedMethods="0" numMethods="0" minCrapScore="1" maxCrapScore="1" />
              <MetadataToken>100663675</MetadataToken>
              <Name>a Helper/Pipe #1 input at line 4@5::get_LastGenerated()</Name>
              <SequencePoints />
              <BranchPoints />
              <MethodPoint vc="352" uspid="100663675" ordinal="0" offset="0" />
            </Method>
            <Method visited="true" cyclomaticComplexity="1" nPathComplexity="0" sequenceCoverage="0" branchCoverage="0" isConstructor="false" isStatic="false" isGetter="false" isSetter="false" crapScore="1">
              <Summary numSequencePoints="0" visitedSequencePoints="0" numBranchPoints="0" visitedBranchPoints="0" sequenceCoverage="0" branchCoverage="0" maxCyclomaticComplexity="1" minCyclomaticComplexity="1" visitedClasses="0" numClasses="0" visitedMethods="0" numMethods="0" minCrapScore="1" maxCrapScore="1" />
              <MetadataToken>100663676</MetadataToken>
              <Name>System.Collections.Generic.IEnumerator`1&lt;a&gt; Helper/Pipe #1 input at line 4@5::GetFreshEnumerator()</Name>
              <SequencePoints />
              <BranchPoints />
              <MethodPoint vc="48" uspid="100663676" ordinal="0" offset="0" />
            </Method>
          </Methods>
        </Class>
        <Class>
          <Summary numSequencePoints="6" visitedSequencePoints="4" numBranchPoints="2" visitedBranchPoints="0" sequenceCoverage="66.67" branchCoverage="0" maxCyclomaticComplexity="1" minCyclomaticComplexity="1" visitedClasses="1" numClasses="1" visitedMethods="1" numMethods="2" minCrapScore="1" maxCrapScore="2" />
          <FullName>MyImage</FullName>
          <Methods>
            <Method visited="true" cyclomaticComplexity="1" nPathComplexity="0" sequenceCoverage="100" branchCoverage="0" isConstructor="false" isStatic="true" isGetter="false" isSetter="false" crapScore="1">
              <Summary numSequencePoints="4" visitedSequencePoints="4" numBranchPoints="1" visitedBranchPoints="0" sequenceCoverage="100" branchCoverage="0" maxCyclomaticComplexity="1" minCyclomaticComplexity="1" visitedClasses="0" numClasses="0" visitedMethods="1" numMethods="1" minCrapScore="1" maxCrapScore="1" />
              <MetadataToken>100663677</MetadataToken>
              <Name>MyImage/MyImage MyImage::load(System.String)</Name>
              <FileRef uid="9" />
              <SequencePoints>
                <SequencePoint vc="4" uspid="269" ordinal="0" offset="0" sl="20" sc="5" el="20" ec="40" bec="0" bev="0" fileid="9" />
                <SequencePoint vc="4" uspid="268" ordinal="1" offset="7" sl="21" sc="5" el="21" ec="69" bec="0" bev="0" fileid="9" />
                <SequencePoint vc="4" uspid="267" ordinal="2" offset="26" sl="22" sc="5" el="22" ec="52" bec="0" bev="0" fileid="9" />
                <SequencePoint vc="4" uspid="266" ordinal="3" offset="38" sl="24" sc="5" el="24" ec="84" bec="0" bev="0" fileid="9" />
              </SequencePoints>
              <BranchPoints />
              <MethodPoint xsi:type="SequencePoint" vc="4" uspid="269" ordinal="0" offset="0" sl="20" sc="5" el="20" ec="40" bec="0" bev="0" fileid="9" />
            </Method>
            <Method visited="false" cyclomaticComplexity="1" nPathComplexity="0" sequenceCoverage="0" branchCoverage="0" isConstructor="false" isStatic="true" isGetter="false" isSetter="false" crapScore="2">
              <Summary numSequencePoints="2" visitedSequencePoints="0" numBranchPoints="1" visitedBranchPoints="0" sequenceCoverage="0" branchCoverage="0" maxCyclomaticComplexity="1" minCyclomaticComplexity="1" visitedClasses="0" numClasses="0" visitedMethods="0" numMethods="1" minCrapScore="2" maxCrapScore="2" />
              <MetadataToken>100663678</MetadataToken>
              <Name>System.Void MyImage::save(MyImage/MyImage,System.String)</Name>
              <FileRef uid="9" />
              <SequencePoints>
                <SequencePoint vc="0" uspid="271" ordinal="0" offset="0" sl="28" sc="5" el="28" ec="79" bec="0" bev="0" fileid="9" />
                <SequencePoint vc="0" uspid="270" ordinal="1" offset="24" sl="30" sc="5" el="30" ec="24" bec="0" bev="0" fileid="9" />
              </SequencePoints>
              <BranchPoints />
              <MethodPoint xsi:type="SequencePoint" vc="0" uspid="271" ordinal="0" offset="0" sl="28" sc="5" el="28" ec="79" bec="0" bev="0" fileid="9" />
            </Method>
          </Methods>
        </Class>
        <Class>
          <Summary numSequencePoints="1" visitedSequencePoints="1" numBranchPoints="1" visitedBranchPoints="0" sequenceCoverage="100" branchCoverage="0" maxCyclomaticComplexity="1" minCyclomaticComplexity="1" visitedClasses="1" numClasses="1" visitedMethods="1" numMethods="1" minCrapScore="1" maxCrapScore="1" />
          <FullName>MyImage/MyImage</FullName>
          <Methods>
            <Method visited="true" cyclomaticComplexity="1" nPathComplexity="0" sequenceCoverage="100" branchCoverage="0" isConstructor="true" isStatic="false" isGetter="false" isSetter="false" crapScore="1">
              <Summary numSequencePoints="1" visitedSequencePoints="1" numBranchPoints="1" visitedBranchPoints="0" sequenceCoverage="100" branchCoverage="0" maxCyclomaticComplexity="1" minCyclomaticComplexity="1" visitedClasses="0" numClasses="0" visitedMethods="1" numMethods="1" minCrapScore="1" maxCrapScore="1" />
              <MetadataToken>100663683</MetadataToken>
              <Name>System.Void MyImage/MyImage::.ctor(System.Byte[],System.Int32,System.Int32,System.String)</Name>
              <FileRef uid="9" />
              <SequencePoints>
                <SequencePoint vc="1564" uspid="272" ordinal="0" offset="0" sl="13" sc="9" el="16" ec="24" bec="0" bev="0" fileid="9" />
              </SequencePoints>
              <BranchPoints />
              <MethodPoint xsi:type="SequencePoint" vc="1564" uspid="272" ordinal="0" offset="0" sl="13" sc="9" el="16" ec="24" bec="0" bev="0" fileid="9" />
            </Method>
          </Methods>
        </Class>
      </Classes>
    </Module>
    <Module skippedDueTo="Filter" hash="29-E8-E9-40-47-1E-ED-B3-54-AF-5B-F7-D0-44-CC-6E-FB-09-C4-4D">
      <ModulePath>/Users/svmena/Documents/ImageProcessing/tests/ImageProcessing.Tests/bin/Debug/net7.0/ImageProcessing.Tests.dll</ModulePath>
      <ModuleTime>2023-09-08T17:19:22.7797011Z</ModuleTime>
      <ModuleName>ImageProcessing.Tests</ModuleName>
      <Classes />
    </Module>
  </Modules>
</CoverageSession>